log started: Mon Nov 20 12:14:43 2023

Log file: ./leap.log
>> #
>> # ----- NOTE: this is designed for PDB format 3!
>> #        Uses ff99bsc0+OL15 for DNA
>> #                (ff99): Wang et al. J. Comp. Chem. 21: 1049, 2000
>> #                (bsc0): Perez et al. Biophys J. 92: 3817, 2007
>> #                (OL15): Zgarbova et al. JCTC 11: 5723, 2015
>> #	load atom type hybridizations
>> #
>> addAtomTypes {
>> 	{ "H"   "H" "sp3" }
>> 	{ "HO"  "H" "sp3" }
>> 	{ "HS"  "H" "sp3" }
>> 	{ "H1"  "H" "sp3" }
>> 	{ "H2"  "H" "sp3" }
>> 	{ "H3"  "H" "sp3" }
>> 	{ "H4"  "H" "sp3" }
>> 	{ "H5"  "H" "sp3" }
>> 	{ "HW"  "H" "sp3" }
>> 	{ "HC"  "H" "sp3" }
>> 	{ "HA"  "H" "sp3" }
>> 	{ "HP"  "H" "sp3" }
>> 	{ "HZ"  "H" "sp3" }
>> 	{ "OH"  "O" "sp3" }
>> 	{ "OS"  "O" "sp3" }
>> 	{ "O"   "O" "sp2" }
>> 	{ "O2"  "O" "sp2" }
>> 	{ "OP"  "O" "sp2" }
>> 	{ "OW"  "O" "sp3" }
>> 	{ "CT"  "C" "sp3" }
>> 	{ "CX"  "C" "sp3" }
>> 	{ "C8"  "C" "sp3" }
>> 	{ "2C"  "C" "sp3" }
>> 	{ "3C"  "C" "sp3" }
>> 	{ "CH"  "C" "sp3" }
>> 	{ "CS"  "C" "sp2" }
>> 	{ "C"   "C" "sp2" }
>> 	{ "CO"  "C" "sp2" }
>> 	{ "C*"  "C" "sp2" }
>> 	{ "CA"  "C" "sp2" }
>> 	{ "CB"  "C" "sp2" }
>> 	{ "CC"  "C" "sp2" }
>> 	{ "CN"  "C" "sp2" }
>> 	{ "CM"  "C" "sp2" }
>> 	{ "CK"  "C" "sp2" }
>> 	{ "CQ"  "C" "sp2" }
>> 	{ "CD"  "C" "sp2" }
>> 	{ "C5"  "C" "sp2" }
>> 	{ "C4"  "C" "sp2" }
>> 	{ "CP"  "C" "sp2" }
>> 	{ "CI"  "C" "sp3" }
>> 	{ "CJ"  "C" "sp2" }
>> 	{ "CW"  "C" "sp2" }
>> 	{ "CV"  "C" "sp2" }
>> 	{ "CR"  "C" "sp2" }
>> 	{ "CA"  "C" "sp2" }
>> 	{ "CY"  "C" "sp2" }
>> 	{ "C0"  "Ca" "sp3" }
>> 	{ "MG"  "Mg" "sp3" }
>> 	{ "N"   "N" "sp2" }
>> 	{ "NA"  "N" "sp2" }
>> 	{ "N2"  "N" "sp2" }
>> 	{ "N*"  "N" "sp2" }
>> 	{ "NP"  "N" "sp2" }
>> 	{ "NQ"  "N" "sp2" }
>> 	{ "NB"  "N" "sp2" }
>> 	{ "NC"  "N" "sp2" }
>> 	{ "NT"  "N" "sp3" }
>> 	{ "NY"  "N" "sp2" }
>> 	{ "N3"  "N" "sp3" }
>> 	{ "S"   "S" "sp3" }
>> 	{ "SH"  "S" "sp3" }
>> 	{ "P"   "P" "sp3" }
>> 	{ "LP"  ""  "sp3" }
>> 	{ "EP"  ""  "sp3" }
>> 	{ "F"   "F" "sp3" }
>> 	{ "Cl"  "Cl" "sp3" }
>> 	{ "Br"  "Br" "sp3" }
>> 	{ "I"   "I"  "sp3" }
>> 	{ "F-"   "F" "sp3" }
>> 	{ "Cl-"  "Cl" "sp3" }
>> 	{ "Br-"  "Br" "sp3" }
>> 	{ "I-"   "I"  "sp3" }
>> 	{ "Li+"  "Li"  "sp3" }
>> 	{ "Na+"  "Na"  "sp3" }
>> 	{ "K+"  "K"  "sp3" }
>> 	{ "Rb+"  "Rb"  "sp3" }
>> 	{ "Cs+"  "Cs"  "sp3" }
>> 	{ "Mg+"  "Mg"  "sp3" }
>>     { "Tl+"  "Tl"  "sp3" }
>>     { "Cu+"  "Cu"  "sp3" }
>>     { "Ag+"  "Ag"  "sp3" }
>>     { "Be2+" "Be"  "sp3" }
>>     { "Cu2+" "Cu"  "sp3" }
>>     { "Ni2+" "Ni"  "sp3" }
>>     { "Pt2+" "Pt"  "sp3" }
>>     { "Zn2+" "Zn"  "sp3" }
>>     { "Co2+" "Co"  "sp3" }
>>     { "Pd2+" "Pd"  "sp3" }
>>     { "Ag2+" "Ag"  "sp3" }
>>     { "Cr2+" "Cr"  "sp3" }
>>     { "Fe2+" "Fe"  "sp3" }
>>     { "Mg2+" "Mg"  "sp3" }
>>     { "V2+"  "V"   "sp3" }
>>     { "Mn2+" "Mn"  "sp3" }
>>     { "Hg2+" "Hg"  "sp3" }
>>     { "Cd2+" "Cd"  "sp3" }
>>     { "Yb2+" "Yb"  "sp3" }
>>     { "Ca2+" "Ca"  "sp3" }
>>     { "Sn2+" "Sn"  "sp3" }
>>     { "Pb2+" "Pb"  "sp3" }
>>     { "Eu2+" "Eu"  "sp3" }
>>     { "Sr2+" "Sr"  "sp3" }
>>     { "Sm2+" "Sm"  "sp3" }
>>     { "Ba2+" "Ba"  "sp3" }
>>     { "Ra2+" "Ra"  "sp3" }
>>     { "Al3+" "Al"  "sp3" }
>>     { "Fe3+" "Fe"  "sp3" }
>>     { "Cr3+" "Cr"  "sp3" }
>>     { "In3+" "In"  "sp3" }
>>     { "Tl3+" "Tl"  "sp3" }
>>     { "Y3+"  "Y"   "sp3" }
>>     { "La3+" "La"  "sp3" }
>>     { "Ce3+" "Ce"  "sp3" }
>>     { "Pr3+" "Pr"  "sp3" }
>>     { "Nd3+" "Nd"  "sp3" }
>>     { "Sm3+" "Sm"  "sp3" }
>>     { "Eu3+" "Eu"  "sp3" }
>>     { "Gd3+" "Gd"  "sp3" }
>>     { "Tb3+" "Tb"  "sp3" }
>>     { "Dy3+" "Dy"  "sp3" }
>>     { "Er3+" "Er"  "sp3" }
>>     { "Tm3+" "Tm"  "sp3" }
>>     { "Lu3+" "Lu"  "sp3" }
>>     { "Hf4+" "Hf"  "sp3" }
>>     { "Zr4+" "Zr"  "sp3" }
>>     { "Ce4+" "Ce"  "sp3" }
>>     { "U4+"  "U"   "sp3" }
>>     { "Pu4+" "Pu"  "sp3" }
>>     { "Th4+" "Th"  "sp3" }
>> }
>> #
>> #	Define the PDB name map for the nucleic acids
>> #
>> addPdbResMap {
>>   { 0 "DG" "DG5"  } { 1 "DG" "DG3"  }  
>>   { 0 "DA" "DA5"  } { 1 "DA" "DA3"  }  
>>   { 0 "DC" "DC5"  } { 1 "DC" "DC3"  }  
>>   { 0 "DT" "DT5"  } { 1 "DT" "DT3"  }  
>> #  some really old Amber residue names, assuming DNA:
>>   { 0 "GUA" "DG5"  } { 1 "GUA" "DG3"  } { "GUA" "DG" }
>>   { 0 "ADE" "DA5"  } { 1 "ADE" "DA3"  } { "ADE" "DA" }
>>   { 0 "CYT" "DC5"  } { 1 "CYT" "DC3"  } { "CYT" "DC" }
>>   { 0 "THY" "DT5"  } { 1 "THY" "DT3"  } { "THY" "DT" }
>> 
>> }
>> 
>> #  try to be good about reading in really old atom names as well:
>> addPdbAtomMap {
>>   { "O5*" "O5'" }
>>   { "C5*" "C5'" }
>>   { "C4*" "C4'" }
>>   { "O4*" "O4'" }
>>   { "C3*" "C3'" }
>>   { "O3*" "O3'" }
>>   { "C2*" "C2'" }
>>   { "O2*" "O2'" }
>>   { "C1*" "C1'" }
>>   { "C5M" "C7"  }
>>   { "H1*" "H1'" }
>>   { "H2*1" "H2'" }
>>   { "H2*2" "H2''" }
>>   { "H2'1" "H2'" }
>>   { "H2'2" "H2''" }
>>   { "'H2'" "H2''" }
>>   { "H3*" "H3'" }
>>   { "H4*" "H4'" }
>>   { "H5*1" "H5'" }
>>   { "H5*2" "H5''" }
>>   { "H5'1" "H5'" }
>>   { "H5'2" "H5''" }
>>   { "'H5'" "H5''" }
>>   { "HO'2" "HO2'" }
>>   { "H5T"  "HO5'" }
>>   { "H3T"  "HO3'" }
>>   { "O1'" "O4'" }
>>   { "OA"  "OP1" }
>>   { "OB"  "OP2" }
>>   { "O1P" "OP1" }
>>   { "O2P" "OP2" }
>> }
>> 
>> #
>> # Load the OL15 force field for DNA
>> # 
>> 
>> addAtomTypes {
>>     { "CJ"  "C" "sp3" }
>>     { "C1"  "C" "sp2" }
>>     { "C2"  "C" "sp2" }
>>     { "C7"  "C" "sp3" }
>> }
>> 
>> loadoff DNA.OL15.lib 
Loading library: /home/xibeiz/Softwares/amber22/dat/leap/lib/DNA.OL15.lib
Loading: DA
Loading: DA3
Loading: DA5
Loading: DAN
Loading: DC
Loading: DC3
Loading: DC5
Loading: DCN
Loading: DG
Loading: DG3
Loading: DG5
Loading: DGN
Loading: DT
Loading: DT3
Loading: DT5
Loading: DTN
>> parm10 = loadamberparams parm10.dat
Loading parameters: /home/xibeiz/Softwares/amber22/dat/leap/parm/parm10.dat
Reading title:
PARM99 + frcmod.ff99SB + frcmod.parmbsc0 + OL3 for RNA
>> loadamberparams frcmod.DNA.OL15
Loading parameters: /home/xibeiz/Softwares/amber22/dat/leap/parm/frcmod.DNA.OL15
Reading force field modification type file (frcmod)
Reading title:
OL15 force field for DNA (99bsc0-betaOL1-eps-zetaOL1-chiOL4) see http://ffol.upol.cz
> 
> source leaprc.RNA.OL3
----- Source: /home/xibeiz/Softwares/amber22/dat/leap/cmd/leaprc.RNA.OL3
----- Source of /home/xibeiz/Softwares/amber22/dat/leap/cmd/leaprc.RNA.OL3 done
>> logFile leap.log
log started: Mon Nov 20 12:14:43 2023

Log file: ./leap.log
>> # ----- NOTE: this is designed for PDB format 3!
>> #       Uses ff99bsc0_chiOL3 for RNA
>> #       	(ff99): Wang et al. J. Comp. Chem. 21: 1049, 2000
>> #       	(bsc0): Perez et al. Biophys J. 92: 3817, 2007
>> #       	(chiOL3): Zgarbova et al. JCTC 7: 2886, 2011
>> #           (note: all of the above are in parm10.dat, loaded below)
>> #
>> #	load atom type hybridizations
>> #
>> addAtomTypes {
>> 	{ "H"   "H" "sp3" }
>> 	{ "HO"  "H" "sp3" }
>> 	{ "HS"  "H" "sp3" }
>> 	{ "H1"  "H" "sp3" }
>> 	{ "H2"  "H" "sp3" }
>> 	{ "H3"  "H" "sp3" }
>> 	{ "H4"  "H" "sp3" }
>> 	{ "H5"  "H" "sp3" }
>> 	{ "HW"  "H" "sp3" }
>> 	{ "HC"  "H" "sp3" }
>> 	{ "HA"  "H" "sp3" }
>> 	{ "HP"  "H" "sp3" }
>> 	{ "HZ"  "H" "sp3" }
>> 	{ "OH"  "O" "sp3" }
>> 	{ "OS"  "O" "sp3" }
>> 	{ "O"   "O" "sp2" }
>> 	{ "O2"  "O" "sp2" }
>> 	{ "OP"  "O" "sp2" }
>> 	{ "OW"  "O" "sp3" }
>> 	{ "CT"  "C" "sp3" }
>> 	{ "CX"  "C" "sp3" }
>> 	{ "CS"  "C" "sp2" }
>> 	{ "C"   "C" "sp2" }
>> 	{ "C*"  "C" "sp2" }
>> 	{ "CA"  "C" "sp2" }
>> 	{ "CB"  "C" "sp2" }
>> 	{ "CC"  "C" "sp2" }
>> 	{ "CN"  "C" "sp2" }
>> 	{ "CM"  "C" "sp2" }
>> 	{ "CK"  "C" "sp2" }
>> 	{ "CQ"  "C" "sp2" }
>> 	{ "CD"  "C" "sp2" }
>> 	{ "C5"  "C" "sp2" }
>> 	{ "C4"  "C" "sp2" }
>> 	{ "CP"  "C" "sp2" }
>> 	{ "CI"  "C" "sp3" }
>> 	{ "CW"  "C" "sp2" }
>> 	{ "CV"  "C" "sp2" }
>> 	{ "CR"  "C" "sp2" }
>> 	{ "CY"  "C" "sp2" }
>> 	{ "C0"  "Ca" "sp3" }
>> 	{ "MG"  "Mg" "sp3" }
>> 	{ "N"   "N" "sp2" }
>> 	{ "NA"  "N" "sp2" }
>> 	{ "N2"  "N" "sp2" }
>> 	{ "N*"  "N" "sp2" }
>> 	{ "NB"  "N" "sp2" }
>> 	{ "NC"  "N" "sp2" }
>> 	{ "NT"  "N" "sp3" }
>> 	{ "NY"  "N" "sp2" }
>> 	{ "N3"  "N" "sp3" }
>> 	{ "S"   "S" "sp3" }
>> 	{ "SH"  "S" "sp3" }
>> 	{ "P"   "P" "sp3" }
>> 	{ "LP"  ""  "sp3" }
>> 	{ "EP"  ""  "sp3" }
>> 	{ "F"   "F" "sp3" }
>> 	{ "Cl"  "Cl" "sp3" }
>> 	{ "Br"  "Br" "sp3" }
>> 	{ "I"   "I"  "sp3" }
>> }
>> #
>> #	Load the main parameter set.
>> #
>> parm10 = loadamberparams parm10.dat

/home/xibeiz/Softwares/amber22/bin/teLeap: Note.
Skipping parm10.dat: already loaded
>> #
>> #	Load main chain and terminating nucleic acids
>> #
>> 
>> loadOff RNA.lib
Loading library: /home/xibeiz/Softwares/amber22/dat/leap/lib/RNA.lib
Loading: A
Loading: A3
Loading: A5
Loading: AN
Loading: C
Loading: C3
Loading: C5
Loading: CN
Loading: G
Loading: G3
Loading: G5
Loading: GN
Loading: OHE
Loading: U
Loading: U3
Loading: U5
Loading: UN
>> 
>> #
>> #	Define the PDB name map for the nucleic acids
>> #
>> addPdbResMap {
>>   { 0 "G" "G5"  } { 1 "G" "G3"  } 
>>   { 0 "A" "A5"  } { 1 "A" "A3"  } 
>>   { 0 "C" "C5"  } { 1 "C" "C3"  } 
>>   { 0 "U" "U5"  } { 1 "U" "U3"  } 
>> #  some old Amber residue names for RNA:
>>   { 0  "RA5" "A5" } { 1 "RA3" "A3"} {"RA" "A" }
>>   { 0  "RC5" "C5" } { 1 "RC3" "C3"} {"RC" "C" }
>>   { 0  "RG5" "G5" } { 1 "RG3" "G3"} {"RG" "G" }
>>   { 0  "RU5" "U5" } { 1 "RU3" "U3"} {"RU" "U" }
>> #  uncomment out the following if you have this old style RNA files:
>> # { 0 "GUA" "G5"  } { 1 "GUA" "G3"  } { "GUA" "G" }
>> # { 0 "ADE" "A5"  } { 1 "ADE" "A3"  } { "ADE" "A" }
>> # { 0 "CYT" "C5"  } { 1 "CYT" "C3"  } { "CYT" "C" }
>> # { 0 "URA" "R5"  } { 1 "URA" "R3"  } { "URA" "R" }
>> 
>> }
>> 
>> #  try to be good about reading in really old atom names as well:
>> addPdbAtomMap {
>>   { "O5*" "O5'" }
>>   { "C5*" "C5'" }
>>   { "C4*" "C4'" }
>>   { "O4*" "O4'" }
>>   { "C3*" "C3'" }
>>   { "O3*" "O3'" }
>>   { "C2*" "C2'" }
>>   { "O2*" "O2'" }
>>   { "C1*" "C1'" }
>>   { "C5M" "C7"  }
>>   { "H1*" "H1'" }
>>   { "H2*1" "H2'" }
>>   { "H2*2" "H2''" }
>>   { "H2'1" "H2'" }
>>   { "H2'2" "H2''" }
>>   { "H3*" "H3'" }
>>   { "H4*" "H4'" }
>>   { "H5*1" "H5'" }
>>   { "H5*2" "H5''" }
>>   { "H5'1" "H5'" }
>>   { "H5'2" "H5''" }
>>   { "HO'2" "HO2'" }
>>   { "H5T"  "HO5'" }
>>   { "H3T"  "HO3'" }
>>   { "O1'" "O4'" }
>>   { "OA"  "OP1" }
>>   { "OB"  "OP2" }
>>   { "O1P" "OP1" }
>>   { "O2P" "OP2" }
>>   { "O3P" "OP3" }
>> }
Substituting map O5* -> O5'  for  O5* -> O5'
Substituting map C5* -> C5'  for  C5* -> C5'
Substituting map C4* -> C4'  for  C4* -> C4'
Substituting map O4* -> O4'  for  O4* -> O4'
Substituting map C3* -> C3'  for  C3* -> C3'
Substituting map O3* -> O3'  for  O3* -> O3'
Substituting map C2* -> C2'  for  C2* -> C2'
Substituting map O2* -> O2'  for  O2* -> O2'
Substituting map C1* -> C1'  for  C1* -> C1'
Substituting map C5M -> C7  for  C5M -> C7
Substituting map H1* -> H1'  for  H1* -> H1'
Substituting map H2*1 -> H2'  for  H2*1 -> H2'
Substituting map H2*2 -> H2''  for  H2*2 -> H2''
Substituting map H2'1 -> H2'  for  H2'1 -> H2'
Substituting map H2'2 -> H2''  for  H2'2 -> H2''
Substituting map H3* -> H3'  for  H3* -> H3'
Substituting map H4* -> H4'  for  H4* -> H4'
Substituting map H5*1 -> H5'  for  H5*1 -> H5'
Substituting map H5*2 -> H5''  for  H5*2 -> H5''
Substituting map H5'1 -> H5'  for  H5'1 -> H5'
Substituting map H5'2 -> H5''  for  H5'2 -> H5''
Substituting map HO'2 -> HO2'  for  HO'2 -> HO2'
Substituting map H5T -> HO5'  for  H5T -> HO5'
Substituting map H3T -> HO3'  for  H3T -> HO3'
Substituting map O1' -> O4'  for  O1' -> O4'
Substituting map OA -> OP1  for  OA -> OP1
Substituting map OB -> OP2  for  OB -> OP2
Substituting map O1P -> OP1  for  O1P -> OP1
Substituting map O2P -> OP2  for  O2P -> OP2
>> 
> 
> source leaprc.protein.ff14SB
----- Source: /home/xibeiz/Softwares/amber22/dat/leap/cmd/leaprc.protein.ff14SB
----- Source of /home/xibeiz/Softwares/amber22/dat/leap/cmd/leaprc.protein.ff14SB done
>> logFile leap.log
log started: Mon Nov 20 12:14:43 2023

Log file: ./leap.log
>> #
>> # ----- leaprc for loading the ff14SB force field
>> # ----- NOTE: this is designed for PDB format 3!
>> #
>> #	load atom type hybridizations
>> #
>> addAtomTypes {
>> 	{ "H"   "H" "sp3" }
>> 	{ "HO"  "H" "sp3" }
>> 	{ "HS"  "H" "sp3" }
>> 	{ "H1"  "H" "sp3" }
>> 	{ "H2"  "H" "sp3" }
>> 	{ "H3"  "H" "sp3" }
>> 	{ "H4"  "H" "sp3" }
>> 	{ "H5"  "H" "sp3" }
>> 	{ "HW"  "H" "sp3" }
>> 	{ "HC"  "H" "sp3" }
>> 	{ "HA"  "H" "sp3" }
>> 	{ "HP"  "H" "sp3" }
>> 	{ "HZ"  "H" "sp3" }
>> 	{ "OH"  "O" "sp3" }
>> 	{ "OS"  "O" "sp3" }
>> 	{ "O"   "O" "sp2" }
>> 	{ "O2"  "O" "sp2" }
>> 	{ "OP"  "O" "sp2" }
>> 	{ "OW"  "O" "sp3" }
>> 	{ "CT"  "C" "sp3" }
>> 	{ "CX"  "C" "sp3" }
>> 	{ "C8"  "C" "sp3" }
>> 	{ "2C"  "C" "sp3" }
>> 	{ "3C"  "C" "sp3" }
>> 	{ "CH"  "C" "sp3" }
>> 	{ "CS"  "C" "sp2" }
>> 	{ "C"   "C" "sp2" }
>> 	{ "CO"   "C" "sp2" }
>> 	{ "C*"  "C" "sp2" }
>> 	{ "CA"  "C" "sp2" }
>> 	{ "CB"  "C" "sp2" }
>> 	{ "CC"  "C" "sp2" }
>> 	{ "CN"  "C" "sp2" }
>> 	{ "CM"  "C" "sp2" }
>> 	{ "CK"  "C" "sp2" }
>> 	{ "CQ"  "C" "sp2" }
>> 	{ "CD"  "C" "sp2" }
>> 	{ "C5"  "C" "sp2" }
>> 	{ "C4"  "C" "sp2" }
>> 	{ "CP"  "C" "sp2" }
>> 	{ "CI"  "C" "sp3" }
>> 	{ "CJ"  "C" "sp2" }
>> 	{ "CW"  "C" "sp2" }
>> 	{ "CV"  "C" "sp2" }
>> 	{ "CR"  "C" "sp2" }
>> 	{ "CA"  "C" "sp2" }
>> 	{ "CY"  "C" "sp2" }
>> 	{ "C0"  "Ca" "sp3" }
>> 	{ "MG"  "Mg" "sp3" }
>> 	{ "N"   "N" "sp2" }
>> 	{ "NA"  "N" "sp2" }
>> 	{ "N2"  "N" "sp2" }
>> 	{ "N*"  "N" "sp2" }
>> 	{ "NP"  "N" "sp2" }
>> 	{ "NQ"  "N" "sp2" }
>> 	{ "NB"  "N" "sp2" }
>> 	{ "NC"  "N" "sp2" }
>> 	{ "NT"  "N" "sp3" }
>> 	{ "NY"  "N" "sp2" }
>> 	{ "N3"  "N" "sp3" }
>> 	{ "S"   "S" "sp3" }
>> 	{ "SH"  "S" "sp3" }
>> 	{ "P"   "P" "sp3" }
>> 	{ "LP"  ""  "sp3" }
>> 	{ "EP"  ""  "sp3" }
>> 	{ "F"   "F" "sp3" }
>> 	{ "Cl"  "Cl" "sp3" }
>> 	{ "Br"  "Br" "sp3" }
>> 	{ "I"   "I"  "sp3" }
>> }
>> #
>> #	Load the main parameter set.
>> #
>> parm10 = loadamberparams parm10.dat

/home/xibeiz/Softwares/amber22/bin/teLeap: Note.
Skipping parm10.dat: already loaded
>> frcmod14SB = loadamberparams frcmod.ff14SB
Loading parameters: /home/xibeiz/Softwares/amber22/dat/leap/parm/frcmod.ff14SB
Reading force field modification type file (frcmod)
Reading title:
ff14SB protein backbone and sidechain parameters
>> #
>> #	Load main chain and terminating amino acid libraries
>> #
>> loadOff amino12.lib
Loading library: /home/xibeiz/Softwares/amber22/dat/leap/lib/amino12.lib
Loading: ALA
Loading: ARG
Loading: ASH
Loading: ASN
Loading: ASP
Loading: CYM
Loading: CYS
Loading: CYX
Loading: GLH
Loading: GLN
Loading: GLU
Loading: GLY
Loading: HID
Loading: HIE
Loading: HIP
Loading: HYP
Loading: ILE
Loading: LEU
Loading: LYN
Loading: LYS
Loading: MET
Loading: PHE
Loading: PRO
Loading: SER
Loading: THR
Loading: TRP
Loading: TYR
Loading: VAL
>> loadOff aminoct12.lib
Loading library: /home/xibeiz/Softwares/amber22/dat/leap/lib/aminoct12.lib
Loading: CALA
Loading: CARG
Loading: CASN
Loading: CASP
Loading: CCYS
Loading: CCYX
Loading: CGLN
Loading: CGLU
Loading: CGLY
Loading: CHID
Loading: CHIE
Loading: CHIP
Loading: CHYP
Loading: CILE
Loading: CLEU
Loading: CLYS
Loading: CMET
Loading: CPHE
Loading: CPRO
Loading: CSER
Loading: CTHR
Loading: CTRP
Loading: CTYR
Loading: CVAL
Loading: NHE
Loading: NME
>> loadOff aminont12.lib
Loading library: /home/xibeiz/Softwares/amber22/dat/leap/lib/aminont12.lib
Loading: ACE
Loading: NALA
Loading: NARG
Loading: NASN
Loading: NASP
Loading: NCYS
Loading: NCYX
Loading: NGLN
Loading: NGLU
Loading: NGLY
Loading: NHID
Loading: NHIE
Loading: NHIP
Loading: NILE
Loading: NLEU
Loading: NLYS
Loading: NMET
Loading: NPHE
Loading: NPRO
Loading: NSER
Loading: NTHR
Loading: NTRP
Loading: NTYR
Loading: NVAL
>> 
>> #
>> #	Define the PDB name map for the amino acids
>> #
>> addPdbResMap {
>>   { 0 "HYP" "HYP" } { 1 "HYP" "CHYP" }
>>   { 0 "ALA" "NALA" } { 1 "ALA" "CALA" }
>>   { 0 "ARG" "NARG" } { 1 "ARG" "CARG" }
>>   { 0 "ASN" "NASN" } { 1 "ASN" "CASN" }
>>   { 0 "ASP" "NASP" } { 1 "ASP" "CASP" }
>>   { 0 "CYS" "NCYS" } { 1 "CYS" "CCYS" }
>>   { 0 "CYX" "NCYX" } { 1 "CYX" "CCYX" }
>>   { 0 "GLN" "NGLN" } { 1 "GLN" "CGLN" }
>>   { 0 "GLU" "NGLU" } { 1 "GLU" "CGLU" }
>>   { 0 "GLY" "NGLY" } { 1 "GLY" "CGLY" }
>>   { 0 "HID" "NHID" } { 1 "HID" "CHID" }
>>   { 0 "HIE" "NHIE" } { 1 "HIE" "CHIE" }
>>   { 0 "HIP" "NHIP" } { 1 "HIP" "CHIP" }
>>   { 0 "ILE" "NILE" } { 1 "ILE" "CILE" }
>>   { 0 "LEU" "NLEU" } { 1 "LEU" "CLEU" }
>>   { 0 "LYS" "NLYS" } { 1 "LYS" "CLYS" }
>>   { 0 "MET" "NMET" } { 1 "MET" "CMET" }
>>   { 0 "PHE" "NPHE" } { 1 "PHE" "CPHE" }
>>   { 0 "PRO" "NPRO" } { 1 "PRO" "CPRO" }
>>   { 0 "SER" "NSER" } { 1 "SER" "CSER" }
>>   { 0 "THR" "NTHR" } { 1 "THR" "CTHR" }
>>   { 0 "TRP" "NTRP" } { 1 "TRP" "CTRP" }
>>   { 0 "TYR" "NTYR" } { 1 "TYR" "CTYR" }
>>   { 0 "VAL" "NVAL" } { 1 "VAL" "CVAL" }
>>   { 0 "HIS" "NHIS" } { 1 "HIS" "CHIS" }
>> }
>> 
>> #
>> # assume that most often proteins use HIE
>> #
>> NHIS = NHIE
>> HIS = HIE
>> CHIS = CHIE
> 
> source leaprc.gaff2
----- Source: /home/xibeiz/Softwares/amber22/dat/leap/cmd/leaprc.gaff2
----- Source of /home/xibeiz/Softwares/amber22/dat/leap/cmd/leaprc.gaff2 done
>> logFile leap.log
log started: Mon Nov 20 12:14:44 2023

Log file: ./leap.log
>> #
>> # ----- leaprc for loading the general Amber Force field.
>> #       This file is mostly for use with Antechamber
>> #
>> #	load atom type hybridizations
>> #
>> addAtomTypes {
>> 	{ "h1"  "H" "sp3" }
>> 	{ "h2"  "H" "sp3" }
>> 	{ "h3"  "H" "sp3" }
>> 	{ "h4"  "H" "sp3" }
>> 	{ "h5"  "H" "sp3" }
>> 	{ "ha"  "H" "sp3" }
>> 	{ "hc"  "H" "sp3" }
>> 	{ "hn"  "H" "sp3" }
>> 	{ "ho"  "H" "sp3" }
>> 	{ "hp"  "H" "sp3" }
>> 	{ "hs"  "H" "sp3" }
>> 	{ "hw"  "H" "sp3" }
>> 	{ "hx"  "H" "sp3" }
>> 	{ "o"  "O" "sp2" }
>> 	{ "o2"  "O" "sp2" }
>> 	{ "oh"  "O" "sp3" }
>> 	{ "op"  "O" "sp3" }
>> 	{ "oq"  "O" "sp3" }
>> 	{ "os"  "O" "sp3" }
>> 	{ "ow"  "O" "sp3" }
>> 	{ "c"  "C" "sp2" }
>> 	{ "c1"  "C" "sp2" }
>> 	{ "c2"  "C" "sp2" }
>> 	{ "c3"  "C" "sp3" }
>> 	{ "ca"  "C" "sp2" }
>> 	{ "cc"  "C" "sp2" }
>> 	{ "cd"  "C" "sp2" }
>> 	{ "ce"  "C" "sp2" }
>> 	{ "cf"  "C" "sp2" }
>> 	{ "cg"  "C" "sp2" }
>> 	{ "ch"  "C" "sp2" }
>> 	{ "cp"  "C" "sp2" }
>> 	{ "cs"  "C" "sp2" }
>> 	{ "cq"  "C" "sp2" }
>> 	{ "cu"  "C" "sp2" }
>> 	{ "cv"  "C" "sp2" }
>> 	{ "cx"  "C" "sp2" }
>> 	{ "cy"  "C" "sp2" }
>> 	{ "cz"  "C" "sp2" }
>> 	{ "n"   "N" "sp2" }
>> 	{ "n1"  "N" "sp2" }
>> 	{ "n2"  "N" "sp2" }
>> 	{ "n3"  "N" "sp3" }
>> 	{ "n4"  "N" "sp3" }
>> 	{ "n5"  "N" "sp3" }
>> 	{ "n6"  "N" "sp3" }
>> 	{ "n7"  "N" "sp3" }
>> 	{ "n8"  "N" "sp3" }
>> 	{ "n9"  "N" "sp3" }
>> 	{ "na"  "N" "sp2" }
>> 	{ "nb"  "N" "sp2" }
>> 	{ "nc"  "N" "sp2" }
>> 	{ "nd"  "N" "sp2" }
>> 	{ "ne"  "N" "sp2" }
>> 	{ "nf"  "N" "sp2" }
>> 	{ "nh"  "N" "sp2" }
>> 	{ "ni"  "N" "sp2" }
>> 	{ "nj"  "N" "sp2" }
>> 	{ "nk"  "N" "sp3" }
>> 	{ "nl"  "N" "sp3" }
>> 	{ "nm"  "N" "sp2" }
>> 	{ "nn"  "N" "sp2" }
>> 	{ "no"  "N" "sp2" }
>> 	{ "np"  "N" "sp3" }
>> 	{ "nq"  "N" "sp3" }
>> 	{ "ns"  "N" "sp2" }
>> 	{ "nt"  "N" "sp2" }
>> 	{ "nu"  "N" "sp2" }
>> 	{ "nv"  "N" "sp2" }
>> 	{ "nx"  "N" "sp3" }
>> 	{ "ny"  "N" "sp3" }
>> 	{ "nz"  "N" "sp3" }
>> 	{ "n+"  "N" "sp3" }
>> 	{ "s"   "S" "sp2" }
>> 	{ "s2"   "S" "sp2" }
>> 	{ "s3"   "S" "sp3" }
>> 	{ "s4"   "S" "sp3" }
>> 	{ "s6"   "S" "sp3" }
>> 	{ "sh"   "S" "sp3" }
>> 	{ "sp"   "S" "sp3" }
>> 	{ "sq"   "S" "sp3" }
>> 	{ "ss"   "S" "sp3" }
>> 	{ "sx"   "S" "sp3" }
>> 	{ "sy"   "S" "sp3" }
>> 	{ "p2"   "P" "sp2" }
>> 	{ "p3"   "P" "sp3" }
>> 	{ "p4"   "P" "sp3" }
>> 	{ "p5"   "P" "sp3" }
>> 	{ "pb"   "P" "sp3" }
>> 	{ "pc"   "P" "sp3" }
>> 	{ "pd"   "P" "sp3" }
>> 	{ "pe"   "P" "sp3" }
>> 	{ "pf"   "P" "sp3" }
>> 	{ "px"   "P" "sp3" }
>> 	{ "py"   "P" "sp3" }
>> 	{ "f"   "F" "sp3" }
>> 	{ "cl"  "Cl" "sp3" }
>> 	{ "br"  "Br" "sp3" }
>> 	{ "i"   "I"  "sp3" }
>> }
>> #
>> #	Load the general force field parameter set.
>> #
>> gaff = loadamberparams gaff2.dat
Loading parameters: /home/xibeiz/Softwares/amber22/dat/leap/parm/gaff2.dat
Reading title:
AMBER General Force Field for organic molecules (Version 2.2.20, March 2021)
(UNKNOWN ATOM TYPE: c6)
> 
> source leaprc.water.tip3p
----- Source: /home/xibeiz/Softwares/amber22/dat/leap/cmd/leaprc.water.tip3p
----- Source of /home/xibeiz/Softwares/amber22/dat/leap/cmd/leaprc.water.tip3p done
>> #
>> #       Load water and ions for TIP3P + Li/Merz monovalent ions 
>> #       + Joung-Chetham monovalent ions
>> #       + Li/Merz highly charged ions (+2 to +4, 12-6 normal usage set)
>> #
>> #       Note: the Li/Merz monovalent set is loaded only to get Tl+,
>> #          Cu+, Ag+ NH4+, H3O+.  Since we load Joung-Cheatham second,
>> #          the alkali halide parameters come from the Joung-Cheatham set
>> #
>> addAtomTypes {
>> 	{ "HW"  "H" "sp3" }
>> 	{ "OW"  "O" "sp3" }
>> 	{ "F-"   "F" "sp3" }
>> 	{ "Cl-"  "Cl" "sp3" }
>> 	{ "Br-"  "Br" "sp3" }
>> 	{ "I-"   "I"  "sp3" }
>> 	{ "Li+"  "Li"  "sp3" }
>> 	{ "Na+"  "Na"  "sp3" }
>> 	{ "K+"  "K"  "sp3" }
>> 	{ "Rb+"  "Rb"  "sp3" }
>> 	{ "Cs+"  "Cs"  "sp3" }
>> 	{ "Mg+"  "Mg"  "sp3" }
>>     { "Tl+"  "Tl"  "sp3" }
>>     { "Cu+"  "Cu"  "sp3" }
>>     { "Ag+"  "Ag"  "sp3" }
>>     { "NH4+"  "N"  "sp3" }
>>     { "H3O+"  "O"  "sp3" }
>>     { "Be2+" "Be"  "sp3" }
>>     { "Cu2+" "Cu"  "sp3" }
>>     { "Ni2+" "Ni"  "sp3" }
>>     { "Pt2+" "Pt"  "sp3" }
>>     { "Zn2+" "Zn"  "sp3" }
>>     { "Co2+" "Co"  "sp3" }
>>     { "Pd2+" "Pd"  "sp3" }
>>     { "Ag2+" "Ag"  "sp3" }
>>     { "Cr2+" "Cr"  "sp3" }
>>     { "Fe2+" "Fe"  "sp3" }
>>     { "Mg2+" "Mg"  "sp3" }
>>     { "V2+"  "V"   "sp3" }
>>     { "Mn2+" "Mn"  "sp3" }
>>     { "Hg2+" "Hg"  "sp3" }
>>     { "Cd2+" "Cd"  "sp3" }
>>     { "Yb2+" "Yb"  "sp3" }
>>     { "Ca2+" "Ca"  "sp3" }
>>     { "Sn2+" "Sn"  "sp3" }
>>     { "Pb2+" "Pb"  "sp3" }
>>     { "Eu2+" "Eu"  "sp3" }
>>     { "Sr2+" "Sr"  "sp3" }
>>     { "Sm2+" "Sm"  "sp3" }
>>     { "Ba2+" "Ba"  "sp3" }
>>     { "Ra2+" "Ra"  "sp3" }
>>     { "Al3+" "Al"  "sp3" }
>>     { "Fe3+" "Fe"  "sp3" }
>>     { "Cr3+" "Cr"  "sp3" }
>>     { "In3+" "In"  "sp3" }
>>     { "Tl3+" "Tl"  "sp3" }
>>     { "Y3+"  "Y"   "sp3" }
>>     { "La3+" "La"  "sp3" }
>>     { "Ce3+" "Ce"  "sp3" }
>>     { "Pr3+" "Pr"  "sp3" }
>>     { "Nd3+" "Nd"  "sp3" }
>>     { "Sm3+" "Sm"  "sp3" }
>>     { "Eu3+" "Eu"  "sp3" }
>>     { "Gd3+" "Gd"  "sp3" }
>>     { "Tb3+" "Tb"  "sp3" }
>>     { "Dy3+" "Dy"  "sp3" }
>>     { "Er3+" "Er"  "sp3" }
>>     { "Tm3+" "Tm"  "sp3" }
>>     { "Lu3+" "Lu"  "sp3" }
>>     { "Hf4+" "Hf"  "sp3" }
>>     { "Zr4+" "Zr"  "sp3" }
>>     { "Ce4+" "Ce"  "sp3" }
>>     { "U4+"  "U"   "sp3" }
>>     { "Pu4+" "Pu"  "sp3" }
>>     { "Th4+" "Th"  "sp3" }
>> }
>> loadOff atomic_ions.lib
Loading library: /home/xibeiz/Softwares/amber22/dat/leap/lib/atomic_ions.lib
Loading: AG
Loading: AL
Loading: Ag
Loading: BA
Loading: BR
Loading: Be
Loading: CA
Loading: CD
Loading: CE
Loading: CL
Loading: CO
Loading: CR
Loading: CS
Loading: CU
Loading: CU1
Loading: Ce
Loading: Cl-
Loading: Cr
Loading: Dy
Loading: EU
Loading: EU3
Loading: Er
Loading: F
Loading: FE
Loading: FE2
Loading: GD3
Loading: H3O+
Loading: HE+
Loading: HG
Loading: HZ+
Loading: Hf
Loading: IN
Loading: IOD
Loading: K
Loading: K+
Loading: LA
Loading: LI
Loading: LU
Loading: MG
Loading: MN
Loading: NA
Loading: NH4
Loading: NI
Loading: Na+
Loading: Nd
Loading: PB
Loading: PD
Loading: PR
Loading: PT
Loading: Pu
Loading: RB
Loading: Ra
Loading: SM
Loading: SR
Loading: Sm
Loading: Sn
Loading: TB
Loading: TL
Loading: Th
Loading: Tl
Loading: Tm
Loading: U4+
Loading: V2+
Loading: Y
Loading: YB2
Loading: ZN
Loading: Zr
>> loadOff solvents.lib
Loading library: /home/xibeiz/Softwares/amber22/dat/leap/lib/solvents.lib
Loading: CHCL3BOX
Loading: DC4
Loading: FB3
Loading: FB3BOX
Loading: FB4
Loading: FB4BOX
Loading: MEOHBOX
Loading: NMABOX
Loading: O3P
Loading: OP3
Loading: OPC
Loading: OPC3BOX
Loading: OPC3POLBOX
Loading: OPCBOX
Loading: PL3
Loading: POL3BOX
Loading: QSPCFWBOX
Loading: SPC
Loading: SPCBOX
Loading: SPCFWBOX
Loading: SPF
Loading: SPG
Loading: T4E
Loading: TIP3PBOX
Loading: TIP3PFBOX
Loading: TIP4PBOX
Loading: TIP4PEWBOX
Loading: TIP5PBOX
Loading: TP3
Loading: TP4
Loading: TP5
Loading: TPF
>> HOH = TP3
>> WAT = TP3
>> loadAmberParams frcmod.tip3p
Loading parameters: /home/xibeiz/Softwares/amber22/dat/leap/parm/frcmod.tip3p
Reading force field modification type file (frcmod)
Reading title:
This is the additional/replacement parameter set for TIP3P water
>> loadAmberParams frcmod.ions1lm_126_tip3p
Loading parameters: /home/xibeiz/Softwares/amber22/dat/leap/parm/frcmod.ions1lm_126_tip3p
Reading force field modification type file (frcmod)
Reading title:
Li/Merz ion parameters of monovalent ions for TIP3P water model (12-6 normal usage set)
>> loadAmberParams frcmod.ionsjc_tip3p
Loading parameters: /home/xibeiz/Softwares/amber22/dat/leap/parm/frcmod.ionsjc_tip3p
Reading force field modification type file (frcmod)
Reading title:
Monovalent ion parameters for Ewald and TIP3P water from Joung & Cheatham JPCB (2008)
>> loadAmberParams frcmod.ions234lm_126_tip3p
Loading parameters: /home/xibeiz/Softwares/amber22/dat/leap/parm/frcmod.ions234lm_126_tip3p
Reading force field modification type file (frcmod)
Reading title:
Li/Merz ion parameters of divalent to tetravalent ions for TIP3P water model (12-6 normal usage set)
>> 
> 
> #frcmod = loadamberparams pseudo_hybrid.frcmod
> #loadoff S2L.lib
> 
> rfp = loadmol2 rfp.mol2
Loading Mol2 file: ./rfp.mol2
Reading MOLECULE named rfp.pdb
> frcmod = loadamberparams rfp.frcmod
Loading parameters: ./rfp.frcmod
Reading force field modification type file (frcmod)
Reading title:
Remark line goes here
> 
> addAtomTypes { { "ZN" "Zn" "sp3" } { "S3" "S" "sp3" } { "N2" "N" "sp3" } } #Add atom types for the ZAFF metal center with Center ID 4
> 
> loadamberprep ZAFF.prep
Loading Prep file: ./ZAFF.prep
(UNKNOWN ATOM TYPE: S1)
(UNKNOWN ATOM TYPE: S5)
(UNKNOWN ATOM TYPE: D1)
(UNKNOWN ATOM TYPE: E1)
(UNKNOWN ATOM TYPE: D2)
(UNKNOWN ATOM TYPE: D2)
(UNKNOWN ATOM TYPE: E2)
(UNKNOWN ATOM TYPE: NR)
(UNKNOWN ATOM TYPE: O1)
(UNKNOWN ATOM TYPE: N0)
(UNKNOWN ATOM TYPE: O3)
(UNKNOWN ATOM TYPE: O4)
Loaded UNIT: AP1
Loaded UNIT: AP2
Loaded UNIT: CY1
Loaded UNIT: CY2
Loaded UNIT: CY3
Loaded UNIT: CY4
Loaded UNIT: CY5
Loaded UNIT: HD1
Loaded UNIT: HD2
Loaded UNIT: HD3
Loaded UNIT: HD4
Loaded UNIT: HD5
Loaded UNIT: HD6
Loaded UNIT: HD7
Loaded UNIT: HD8
Loaded UNIT: HD9
Loaded UNIT: HDA
Loaded UNIT: HDD
Loaded UNIT: HE1
Loaded UNIT: HE2
Loaded UNIT: HE3
Loaded UNIT: HE4
Loaded UNIT: HE5
Loaded UNIT: HE6
Loaded UNIT: OH1
Loaded UNIT: WT1
Loaded UNIT: WT2
Loaded UNIT: WT3
Loaded UNIT: Z10
Loaded UNIT: Z11
Loaded UNIT: Z12
Loaded UNIT: ZN1
Loaded UNIT: ZN2
Loaded UNIT: ZN3
Loaded UNIT: ZN4
Loaded UNIT: ZN5
Loaded UNIT: ZN6
Loaded UNIT: ZN7
Loaded UNIT: ZN8
Loaded UNIT: ZN9
> loadamberparams ZAFF.frcmod
Loading parameters: ./ZAFF.frcmod
Reading force field modification type file (frcmod)
Reading title:
ZAFF parameter set created by MTK++/MCPB 
(UNKNOWN ATOM TYPE: S1)
(UNKNOWN ATOM TYPE: S5)
(UNKNOWN ATOM TYPE: O1)
(UNKNOWN ATOM TYPE: N0)
(UNKNOWN ATOM TYPE: O3)
(UNKNOWN ATOM TYPE: O4)
(UNKNOWN ATOM TYPE: E1)
(UNKNOWN ATOM TYPE: D1)
(UNKNOWN ATOM TYPE: E2)
(UNKNOWN ATOM TYPE: D2)
(UNKNOWN ATOM TYPE: NR)
> 
> rec = loadpdb 5uh6_tleap.pdb
Loading PDB file: ./5uh6_tleap.pdb
Matching PDB residue names to LEaP variables.
Mapped residue ILE, term: Terminal/beginning, seq. number: 0 to: NILE.
Mapped residue ASN, term: Terminal/last, seq. number: 223 to: CASN.
Mapped residue ARG, term: Terminal/beginning, seq. number: 224 to: NARG.
Mapped residue ILE, term: Terminal/last, seq. number: 450 to: CILE.
Mapped residue SER, term: Terminal/beginning, seq. number: 451 to: NSER.
Mapped residue GLU, term: Terminal/last, seq. number: 1576 to: CGLU.
Mapped residue ASP, term: Terminal/beginning, seq. number: 1577 to: NASP.
Mapped residue ALA, term: Terminal/last, seq. number: 2855 to: CALA.
Mapped residue GLY, term: Terminal/beginning, seq. number: 2856 to: NGLY.
Mapped residue GLU, term: Terminal/last, seq. number: 2936 to: CGLU.
Mapped residue ASP, term: Terminal/beginning, seq. number: 2937 to: NASP.
Mapped residue ASP, term: Terminal/last, seq. number: 3258 to: CASP.
Mapped residue DT, term: Terminal/beginning, seq. number: 3259 to: DT5.
Mapped residue DG, term: Terminal/last, seq. number: 3281 to: DG3.
Mapped residue DC, term: Terminal/beginning, seq. number: 3282 to: DC5.
Mapped residue DG, term: Terminal/last, seq. number: 3296 to: DG3.
Mapped residue G, term: Terminal/beginning, seq. number: 3297 to: G5.
Mapped residue A, term: Terminal/last, seq. number: 3298 to: A3.
  Added missing heavy atom: .R<GLU 156>.A<CG 8>
  Added missing heavy atom: .R<GLU 156>.A<CD 11>
  Added missing heavy atom: .R<GLU 156>.A<OE1 12>
  Added missing heavy atom: .R<GLU 156>.A<OE2 13>
  Added missing heavy atom: .R<CASN 224>.A<OXT 15>
  Added missing heavy atom: .R<NARG 225>.A<CG 10>
  Added missing heavy atom: .R<NARG 225>.A<CD 13>
  Added missing heavy atom: .R<NARG 225>.A<NE 16>
  Added missing heavy atom: .R<NARG 225>.A<CZ 18>
  Added missing heavy atom: .R<NARG 225>.A<NH1 19>
  Added missing heavy atom: .R<NARG 225>.A<NH2 22>
  Added missing heavy atom: .R<ARG 380>.A<CG 8>
  Added missing heavy atom: .R<ARG 380>.A<CD 11>
  Added missing heavy atom: .R<ARG 380>.A<NE 14>
  Added missing heavy atom: .R<ARG 380>.A<CZ 16>
  Added missing heavy atom: .R<ARG 380>.A<NH1 17>
  Added missing heavy atom: .R<ARG 380>.A<NH2 20>
  Added missing heavy atom: .R<CILE 451>.A<OXT 20>
  Added missing heavy atom: .R<NSER 452>.A<OG 10>
  Added missing heavy atom: .R<ASN 453>.A<CG 8>
  Added missing heavy atom: .R<ASN 453>.A<OD1 9>
  Added missing heavy atom: .R<ASN 453>.A<ND2 10>
  Added missing heavy atom: .R<ARG 652>.A<CG 8>
  Added missing heavy atom: .R<ARG 652>.A<CD 11>
  Added missing heavy atom: .R<ARG 652>.A<NE 14>
  Added missing heavy atom: .R<ARG 652>.A<CZ 16>
  Added missing heavy atom: .R<ARG 652>.A<NH1 17>
  Added missing heavy atom: .R<ARG 652>.A<NH2 20>
  Added missing heavy atom: .R<GLU 1219>.A<CG 8>
  Added missing heavy atom: .R<GLU 1219>.A<CD 11>
  Added missing heavy atom: .R<GLU 1219>.A<OE1 12>
  Added missing heavy atom: .R<GLU 1219>.A<OE2 13>
  Added missing heavy atom: .R<GLU 1573>.A<CG 8>
  Added missing heavy atom: .R<GLU 1573>.A<CD 11>
  Added missing heavy atom: .R<GLU 1573>.A<OE1 12>
  Added missing heavy atom: .R<GLU 1573>.A<OE2 13>
  Added missing heavy atom: .R<GLU 1575>.A<CG 8>
  Added missing heavy atom: .R<GLU 1575>.A<CD 11>
  Added missing heavy atom: .R<GLU 1575>.A<OE1 12>
  Added missing heavy atom: .R<GLU 1575>.A<OE2 13>
  Added missing heavy atom: .R<ASP 1576>.A<CG 8>
  Added missing heavy atom: .R<ASP 1576>.A<OD1 9>
  Added missing heavy atom: .R<ASP 1576>.A<OD2 10>
  Added missing heavy atom: .R<CGLU 1577>.A<OXT 16>
  Added missing heavy atom: .R<CGLU 1577>.A<CG 8>
  Added missing heavy atom: .R<CGLU 1577>.A<CD 11>
  Added missing heavy atom: .R<CGLU 1577>.A<OE1 12>
  Added missing heavy atom: .R<CGLU 1577>.A<OE2 13>
  Added missing heavy atom: .R<LYS 1860>.A<CG 8>
  Added missing heavy atom: .R<LYS 1860>.A<CD 11>
  Added missing heavy atom: .R<LYS 1860>.A<CE 14>
  Added missing heavy atom: .R<LYS 1860>.A<NZ 17>
  Added missing heavy atom: .R<ASP 2180>.A<CG 8>
  Added missing heavy atom: .R<ASP 2180>.A<OD1 9>
  Added missing heavy atom: .R<ASP 2180>.A<OD2 10>
  Added missing heavy atom: .R<LYS 2654>.A<CG 8>
  Added missing heavy atom: .R<LYS 2654>.A<CD 11>
  Added missing heavy atom: .R<LYS 2654>.A<CE 14>
  Added missing heavy atom: .R<LYS 2654>.A<NZ 17>
  Added missing heavy atom: .R<ARG 2660>.A<CG 8>
  Added missing heavy atom: .R<ARG 2660>.A<CD 11>
  Added missing heavy atom: .R<ARG 2660>.A<NE 14>
  Added missing heavy atom: .R<ARG 2660>.A<CZ 16>
  Added missing heavy atom: .R<ARG 2660>.A<NH1 17>
  Added missing heavy atom: .R<ARG 2660>.A<NH2 20>
  Added missing heavy atom: .R<PHE 2664>.A<CG 8>
  Added missing heavy atom: .R<PHE 2664>.A<CD1 9>
  Added missing heavy atom: .R<PHE 2664>.A<CD2 17>
  Added missing heavy atom: .R<PHE 2664>.A<CE1 11>
  Added missing heavy atom: .R<PHE 2664>.A<CE2 15>
  Added missing heavy atom: .R<PHE 2664>.A<CZ 13>
  Added missing heavy atom: .R<ASP 2668>.A<CG 8>
  Added missing heavy atom: .R<ASP 2668>.A<OD1 9>
  Added missing heavy atom: .R<ASP 2668>.A<OD2 10>
  Added missing heavy atom: .R<ARG 2672>.A<CG 8>
  Added missing heavy atom: .R<ARG 2672>.A<CD 11>
  Added missing heavy atom: .R<ARG 2672>.A<NE 14>
  Added missing heavy atom: .R<ARG 2672>.A<CZ 16>
  Added missing heavy atom: .R<ARG 2672>.A<NH1 17>
  Added missing heavy atom: .R<ARG 2672>.A<NH2 20>
  Added missing heavy atom: .R<CALA 2856>.A<OXT 11>
  Added missing heavy atom: .R<GLU 2906>.A<CG 8>
  Added missing heavy atom: .R<GLU 2906>.A<CD 11>
  Added missing heavy atom: .R<GLU 2906>.A<OE1 12>
  Added missing heavy atom: .R<GLU 2906>.A<OE2 13>
  Added missing heavy atom: .R<CGLU 2937>.A<OXT 16>
  Added missing heavy atom: .R<NASP 2938>.A<CG 10>
  Added missing heavy atom: .R<NASP 2938>.A<OD1 11>
  Added missing heavy atom: .R<NASP 2938>.A<OD2 12>
  Added missing heavy atom: .R<ARG 3115>.A<CG 8>
  Added missing heavy atom: .R<ARG 3115>.A<CD 11>
  Added missing heavy atom: .R<ARG 3115>.A<NE 14>
  Added missing heavy atom: .R<ARG 3115>.A<CZ 16>
  Added missing heavy atom: .R<ARG 3115>.A<NH1 17>
  Added missing heavy atom: .R<ARG 3115>.A<NH2 20>
  Added missing heavy atom: .R<PHE 3210>.A<CG 8>
  Added missing heavy atom: .R<PHE 3210>.A<CD1 9>
  Added missing heavy atom: .R<PHE 3210>.A<CD2 17>
  Added missing heavy atom: .R<PHE 3210>.A<CE1 11>
  Added missing heavy atom: .R<PHE 3210>.A<CE2 15>
  Added missing heavy atom: .R<PHE 3210>.A<CZ 13>
  Added missing heavy atom: .R<CASP 3259>.A<OXT 13>
  total atoms in file: 51536
  Leap added 696 missing atoms according to residue templates:
       102 Heavy
       594 H / lone pairs
> #bond rec.879.C rec.880.NT1
> #bond rec.880.CT18 rec.881.N
> 
> bond rec.3300.ZN rec.2466.SG
> bond rec.3300.ZN rec.2543.SG
> bond rec.3300.ZN rec.2553.SG
> bond rec.3300.ZN rec.2550.SG
> 
> bond rec.3301.ZN rec.1653.SG
> bond rec.3301.ZN rec.1650.SG
> bond rec.3301.ZN rec.1637.SG
> bond rec.3301.ZN rec.1635.SG
> 
> complex = combine{rec rfp}
  Sequence: default_name
  Sequence: rfp.pdb
> alignaxes complex
> addions2 complex Na+ 0.0
138 Na+ ions required to neutralize.
Adding 138 counter ions to "complex" using 1A grid
Total solute charge:  -138.00  Max atom radius:   2.10
Grid extends from solute vdw + 1.37  to  7.47
Box:
   enclosing:  -62.47 -67.37 -101.81   64.74 80.59 93.86
   sized:			      193.53 188.63 154.19
   edge:        256.00
Resolution:      1.00 Angstrom.
Tree depth: 8
Volume =  2.66% of box, grid points 445487
Calculating grid charges
Placed Na+ in complex at (-14.47, -35.37, 2.19).
Placed Na+ in complex at (7.53, 18.63, 4.19).
Placed Na+ in complex at (4.53, -21.37, -11.81).
Placed Na+ in complex at (-32.47, 13.63, -23.81).
Placed Na+ in complex at (43.53, -31.37, -3.81).
Placed Na+ in complex at (18.53, 43.63, -5.81).
Placed Na+ in complex at (7.53, -39.37, -0.81).
Placed Na+ in complex at (-27.47, 25.63, -30.81).
Placed Na+ in complex at (31.53, 12.63, 17.19).
Placed Na+ in complex at (25.53, 38.63, -17.81).
Placed Na+ in complex at (39.53, -0.37, -7.81).
Placed Na+ in complex at (16.53, 21.63, -4.81).
Placed Na+ in complex at (-18.47, -45.37, 15.19).
Placed Na+ in complex at (-11.47, -22.37, -61.81).
Placed Na+ in complex at (28.53, 32.63, -35.81).
Placed Na+ in complex at (-41.47, 3.63, -13.81).
Placed Na+ in complex at (15.53, -26.37, -15.81).
Placed Na+ in complex at (18.53, 42.63, 44.19).
Placed Na+ in complex at (34.53, 5.63, 20.19).
Placed Na+ in complex at (-3.47, -5.37, -12.81).
Placed Na+ in complex at (-32.47, 30.63, 12.19).
Placed Na+ in complex at (47.53, -12.37, 5.19).
Placed Na+ in complex at (10.53, -9.37, -30.81).
Placed Na+ in complex at (27.53, -23.37, 20.19).
Placed Na+ in complex at (-11.47, 25.63, -13.81).
Placed Na+ in complex at (-31.47, -18.37, 24.19).
Placed Na+ in complex at (33.53, 19.63, 24.19).
Placed Na+ in complex at (-33.47, -6.37, -5.81).
Placed Na+ in complex at (-2.47, 9.63, -1.81).
Placed Na+ in complex at (-19.47, -31.37, 49.19).
Placed Na+ in complex at (-41.47, -40.37, 20.19).
Placed Na+ in complex at (31.53, -2.37, -36.81).
Placed Na+ in complex at (-35.47, -4.37, -61.81).
Placed Na+ in complex at (11.53, 32.63, 40.19).
Placed Na+ in complex at (-46.47, 6.63, 30.19).
Placed Na+ in complex at (-33.47, 18.63, -26.81).
Placed Na+ in complex at (-23.47, -41.37, 13.19).
Placed Na+ in complex at (27.53, -37.37, -3.81).
Placed Na+ in complex at (-38.47, 49.63, 8.19).
Placed Na+ in complex at (-15.47, 17.63, 43.19).
Placed Na+ in complex at (41.53, 12.63, -3.81).
Placed Na+ in complex at (38.53, 18.63, -53.81).
Placed Na+ in complex at (-22.47, -7.37, -71.81).
Placed Na+ in complex at (-22.47, -26.37, 29.19).
Placed Na+ in complex at (-34.47, -54.37, -3.81).
Placed Na+ in complex at (20.53, 25.63, 52.19).
Placed Na+ in complex at (5.53, 35.63, 13.19).
Placed Na+ in complex at (25.53, -23.37, -45.81).
Placed Na+ in complex at (2.53, 0.63, 80.19).
Placed Na+ in complex at (-46.47, -29.37, 21.19).
Placed Na+ in complex at (-7.47, 27.63, 31.19).
Placed Na+ in complex at (-8.47, -24.37, -15.81).
Placed Na+ in complex at (24.53, 37.63, -7.81).
Placed Na+ in complex at (-7.47, 0.63, -4.81).
Placed Na+ in complex at (-3.47, -25.37, 72.19).
Placed Na+ in complex at (-49.47, 13.63, 21.19).
Placed Na+ in complex at (37.53, -16.37, -13.81).
Placed Na+ in complex at (-43.47, -11.37, -20.81).
Placed Na+ in complex at (47.53, 4.63, 8.19).
Placed Na+ in complex at (-17.47, 33.63, -64.81).
Placed Na+ in complex at (3.53, 21.63, 46.19).
Placed Na+ in complex at (5.53, -39.37, -43.81).
Placed Na+ in complex at (-27.47, -10.37, 27.19).
Placed Na+ in complex at (9.53, 45.63, -3.81).
Placed Na+ in complex at (14.53, -21.37, -7.81).
Placed Na+ in complex at (-30.47, -14.37, 55.19).
Placed Na+ in complex at (19.53, -23.37, -88.81).
Placed Na+ in complex at (6.53, -44.37, -1.81).
Placed Na+ in complex at (-11.47, 21.63, 55.19).
Placed Na+ in complex at (-6.47, -6.37, -26.81).
Placed Na+ in complex at (48.53, -18.37, 7.19).
Placed Na+ in complex at (1.53, -28.37, 51.19).
Placed Na+ in complex at (-7.47, 48.63, -12.81).
Placed Na+ in complex at (29.53, 19.63, 49.19).
Placed Na+ in complex at (-40.47, -6.37, -40.81).
Placed Na+ in complex at (40.53, 17.63, -18.81).
Placed Na+ in complex at (10.53, -42.37, 21.19).
Placed Na+ in complex at (20.53, 2.63, 67.19).
Placed Na+ in complex at (34.53, -25.37, -35.81).
Placed Na+ in complex at (-44.47, -15.37, 4.19).
Placed Na+ in complex at (0.53, 24.63, -68.81).
Placed Na+ in complex at (1.53, -25.37, 33.19).
Placed Na+ in complex at (23.53, 34.63, -16.81).
Placed Na+ in complex at (-13.47, -23.37, 84.19).
Placed Na+ in complex at (18.53, -18.37, -53.81).
Placed Na+ in complex at (10.53, 14.63, 8.19).
Placed Na+ in complex at (-12.47, -25.37, -79.81).
Placed Na+ in complex at (16.53, -35.37, -16.81).
Placed Na+ in complex at (44.53, 14.63, 21.19).
Placed Na+ in complex at (-30.47, 23.63, -34.81).
Placed Na+ in complex at (30.53, -2.37, 50.19).
Placed Na+ in complex at (43.53, -16.37, 27.19).
Placed Na+ in complex at (14.53, 4.63, -54.81).
Placed Na+ in complex at (-16.47, -5.37, -70.81).
Placed Na+ in complex at (-3.47, -16.37, -7.81).
Placed Na+ in complex at (-14.47, -31.37, 63.19).
Placed Na+ in complex at (49.53, 1.63, -9.81).
Placed Na+ in complex at (-31.47, 36.63, 7.19).
Placed Na+ in complex at (9.53, 5.63, -77.81).
Placed Na+ in complex at (27.53, -5.37, -28.81).
Placed Na+ in complex at (30.53, 43.63, 21.19).
Placed Na+ in complex at (-44.47, -29.37, -23.81).
Placed Na+ in complex at (-17.47, 3.63, 62.19).
Placed Na+ in complex at (-36.47, 9.63, -36.81).
Placed Na+ in complex at (-18.47, -44.37, 27.19).
Placed Na+ in complex at (52.53, -27.37, 13.19).
Placed Na+ in complex at (-7.47, -37.37, 1.19).
Placed Na+ in complex at (40.53, 20.63, 30.19).
Placed Na+ in complex at (5.53, -15.37, -21.81).
Placed Na+ in complex at (0.53, 28.63, 53.19).
Placed Na+ in complex at (-39.47, -19.37, -40.81).
Placed Na+ in complex at (-32.47, 60.63, -18.81).
Placed Na+ in complex at (-9.47, 26.63, -3.81).
Placed Na+ in complex at (25.53, -43.37, 20.19).
Placed Na+ in complex at (42.53, 8.63, -41.81).
Placed Na+ in complex at (-33.47, -47.37, -16.81).
Placed Na+ in complex at (3.53, 1.63, -68.81).
Placed Na+ in complex at (-5.47, 5.63, 82.19).
Placed Na+ in complex at (-24.47, 13.63, 30.19).
Placed Na+ in complex at (34.53, 31.63, -30.81).
Placed Na+ in complex at (-53.47, -17.37, -26.81).
Placed Na+ in complex at (38.53, -32.37, -6.81).
Placed Na+ in complex at (21.53, -19.37, 39.19).
Placed Na+ in complex at (-30.47, -47.37, 3.19).
Placed Na+ in complex at (-36.47, 17.63, -24.81).
Placed Na+ in complex at (13.53, 15.63, 67.19).
Placed Na+ in complex at (-48.47, 26.63, 34.19).
Placed Na+ in complex at (-0.47, -28.37, -65.81).
Placed Na+ in complex at (1.53, 12.63, 36.19).
Placed Na+ in complex at (14.53, 27.63, -59.81).
Placed Na+ in complex at (-1.47, -31.37, -87.81).
Placed Na+ in complex at (34.53, -18.37, 21.19).
Placed Na+ in complex at (1.53, 47.63, 6.19).
Placed Na+ in complex at (-46.47, 4.63, 9.19).
Placed Na+ in complex at (-13.47, 14.63, -60.81).
Placed Na+ in complex at (-12.47, -59.37, -4.81).
Placed Na+ in complex at (-32.47, -10.37, -73.81).
Placed Na+ in complex at (21.53, 38.63, 47.19).

Done adding ions.
> solvatebox complex TIP3PBOX 13
  Solute vdw bounding box:              115.337 135.116 183.704
  Total bounding box for atom centers:  141.337 161.116 209.704
  Solvent unit box:                     18.774 18.774 18.774
The number of boxes:  x= 8  y= 9  z=12
  Total vdw box size:                   144.627 164.282 212.723 angstroms.
  Volume: 5054217.013 A^3 
  Total mass 2708494.531 amu,  Density 0.890 g/cc
  Added 129361 residues.
> 
> saveamberparm complex complex.prmtop complex.crd
Checking Unit.
Building topology.
Building atom parameters.
Building bond parameters.
Building angle parameters.
Building proper torsion parameters.
Building improper torsion parameters.
old PREP-specified impropers:
 <CY1 2553>:  -M   CA   N    HN  
 <CY1 2553>:  CA   +M   C    O   
 <CY1 2550>:  -M   CA   N    HN  
 <CY1 2550>:  CA   +M   C    O   
 <CY1 2543>:  -M   CA   N    HN  
 <CY1 2543>:  CA   +M   C    O   
 <CY1 2466>:  -M   CA   N    HN  
 <CY1 2466>:  CA   +M   C    O   
 <CY1 1653>:  -M   CA   N    HN  
 <CY1 1653>:  CA   +M   C    O   
 <CY1 1650>:  -M   CA   N    HN  
 <CY1 1650>:  CA   +M   C    O   
 <CY1 1637>:  -M   CA   N    HN  
 <CY1 1637>:  CA   +M   C    O   
 <CY1 1635>:  -M   CA   N    HN  
 <CY1 1635>:  CA   +M   C    O   
 total 10314 improper torsions applied
 16 improper torsions in old prep form
Building H-Bond parameters.
Incorporating Non-Bonded adjustments.
Not Marking per-residue atom chain types.
Marking per-residue atom chain types.
  (Residues lacking connect0/connect1 - 
   these don't have chain types marked:

	res	total affected

	CALA	1
	CASN	1
	CASP	1
	CGLU	2
	CILE	1
	NARG	1
	NASP	2
	NGLY	1
	NILE	1
	NSER	1
	RFP	1
	WAT	129361
  )
 (no restraints)
> quit
	Quit

Exiting LEaP: Errors = 0; Warnings = 0; Notes = 2.
log started: Mon Nov 20 16:58:12 2023

Log file: ./leap.log
>> #
>> # ----- NOTE: this is designed for PDB format 3!
>> #        Uses ff99bsc0+OL15 for DNA
>> #                (ff99): Wang et al. J. Comp. Chem. 21: 1049, 2000
>> #                (bsc0): Perez et al. Biophys J. 92: 3817, 2007
>> #                (OL15): Zgarbova et al. JCTC 11: 5723, 2015
>> #	load atom type hybridizations
>> #
>> addAtomTypes {
>> 	{ "H"   "H" "sp3" }
>> 	{ "HO"  "H" "sp3" }
>> 	{ "HS"  "H" "sp3" }
>> 	{ "H1"  "H" "sp3" }
>> 	{ "H2"  "H" "sp3" }
>> 	{ "H3"  "H" "sp3" }
>> 	{ "H4"  "H" "sp3" }
>> 	{ "H5"  "H" "sp3" }
>> 	{ "HW"  "H" "sp3" }
>> 	{ "HC"  "H" "sp3" }
>> 	{ "HA"  "H" "sp3" }
>> 	{ "HP"  "H" "sp3" }
>> 	{ "HZ"  "H" "sp3" }
>> 	{ "OH"  "O" "sp3" }
>> 	{ "OS"  "O" "sp3" }
>> 	{ "O"   "O" "sp2" }
>> 	{ "O2"  "O" "sp2" }
>> 	{ "OP"  "O" "sp2" }
>> 	{ "OW"  "O" "sp3" }
>> 	{ "CT"  "C" "sp3" }
>> 	{ "CX"  "C" "sp3" }
>> 	{ "C8"  "C" "sp3" }
>> 	{ "2C"  "C" "sp3" }
>> 	{ "3C"  "C" "sp3" }
>> 	{ "CH"  "C" "sp3" }
>> 	{ "CS"  "C" "sp2" }
>> 	{ "C"   "C" "sp2" }
>> 	{ "CO"  "C" "sp2" }
>> 	{ "C*"  "C" "sp2" }
>> 	{ "CA"  "C" "sp2" }
>> 	{ "CB"  "C" "sp2" }
>> 	{ "CC"  "C" "sp2" }
>> 	{ "CN"  "C" "sp2" }
>> 	{ "CM"  "C" "sp2" }
>> 	{ "CK"  "C" "sp2" }
>> 	{ "CQ"  "C" "sp2" }
>> 	{ "CD"  "C" "sp2" }
>> 	{ "C5"  "C" "sp2" }
>> 	{ "C4"  "C" "sp2" }
>> 	{ "CP"  "C" "sp2" }
>> 	{ "CI"  "C" "sp3" }
>> 	{ "CJ"  "C" "sp2" }
>> 	{ "CW"  "C" "sp2" }
>> 	{ "CV"  "C" "sp2" }
>> 	{ "CR"  "C" "sp2" }
>> 	{ "CA"  "C" "sp2" }
>> 	{ "CY"  "C" "sp2" }
>> 	{ "C0"  "Ca" "sp3" }
>> 	{ "MG"  "Mg" "sp3" }
>> 	{ "N"   "N" "sp2" }
>> 	{ "NA"  "N" "sp2" }
>> 	{ "N2"  "N" "sp2" }
>> 	{ "N*"  "N" "sp2" }
>> 	{ "NP"  "N" "sp2" }
>> 	{ "NQ"  "N" "sp2" }
>> 	{ "NB"  "N" "sp2" }
>> 	{ "NC"  "N" "sp2" }
>> 	{ "NT"  "N" "sp3" }
>> 	{ "NY"  "N" "sp2" }
>> 	{ "N3"  "N" "sp3" }
>> 	{ "S"   "S" "sp3" }
>> 	{ "SH"  "S" "sp3" }
>> 	{ "P"   "P" "sp3" }
>> 	{ "LP"  ""  "sp3" }
>> 	{ "EP"  ""  "sp3" }
>> 	{ "F"   "F" "sp3" }
>> 	{ "Cl"  "Cl" "sp3" }
>> 	{ "Br"  "Br" "sp3" }
>> 	{ "I"   "I"  "sp3" }
>> 	{ "F-"   "F" "sp3" }
>> 	{ "Cl-"  "Cl" "sp3" }
>> 	{ "Br-"  "Br" "sp3" }
>> 	{ "I-"   "I"  "sp3" }
>> 	{ "Li+"  "Li"  "sp3" }
>> 	{ "Na+"  "Na"  "sp3" }
>> 	{ "K+"  "K"  "sp3" }
>> 	{ "Rb+"  "Rb"  "sp3" }
>> 	{ "Cs+"  "Cs"  "sp3" }
>> 	{ "Mg+"  "Mg"  "sp3" }
>>     { "Tl+"  "Tl"  "sp3" }
>>     { "Cu+"  "Cu"  "sp3" }
>>     { "Ag+"  "Ag"  "sp3" }
>>     { "Be2+" "Be"  "sp3" }
>>     { "Cu2+" "Cu"  "sp3" }
>>     { "Ni2+" "Ni"  "sp3" }
>>     { "Pt2+" "Pt"  "sp3" }
>>     { "Zn2+" "Zn"  "sp3" }
>>     { "Co2+" "Co"  "sp3" }
>>     { "Pd2+" "Pd"  "sp3" }
>>     { "Ag2+" "Ag"  "sp3" }
>>     { "Cr2+" "Cr"  "sp3" }
>>     { "Fe2+" "Fe"  "sp3" }
>>     { "Mg2+" "Mg"  "sp3" }
>>     { "V2+"  "V"   "sp3" }
>>     { "Mn2+" "Mn"  "sp3" }
>>     { "Hg2+" "Hg"  "sp3" }
>>     { "Cd2+" "Cd"  "sp3" }
>>     { "Yb2+" "Yb"  "sp3" }
>>     { "Ca2+" "Ca"  "sp3" }
>>     { "Sn2+" "Sn"  "sp3" }
>>     { "Pb2+" "Pb"  "sp3" }
>>     { "Eu2+" "Eu"  "sp3" }
>>     { "Sr2+" "Sr"  "sp3" }
>>     { "Sm2+" "Sm"  "sp3" }
>>     { "Ba2+" "Ba"  "sp3" }
>>     { "Ra2+" "Ra"  "sp3" }
>>     { "Al3+" "Al"  "sp3" }
>>     { "Fe3+" "Fe"  "sp3" }
>>     { "Cr3+" "Cr"  "sp3" }
>>     { "In3+" "In"  "sp3" }
>>     { "Tl3+" "Tl"  "sp3" }
>>     { "Y3+"  "Y"   "sp3" }
>>     { "La3+" "La"  "sp3" }
>>     { "Ce3+" "Ce"  "sp3" }
>>     { "Pr3+" "Pr"  "sp3" }
>>     { "Nd3+" "Nd"  "sp3" }
>>     { "Sm3+" "Sm"  "sp3" }
>>     { "Eu3+" "Eu"  "sp3" }
>>     { "Gd3+" "Gd"  "sp3" }
>>     { "Tb3+" "Tb"  "sp3" }
>>     { "Dy3+" "Dy"  "sp3" }
>>     { "Er3+" "Er"  "sp3" }
>>     { "Tm3+" "Tm"  "sp3" }
>>     { "Lu3+" "Lu"  "sp3" }
>>     { "Hf4+" "Hf"  "sp3" }
>>     { "Zr4+" "Zr"  "sp3" }
>>     { "Ce4+" "Ce"  "sp3" }
>>     { "U4+"  "U"   "sp3" }
>>     { "Pu4+" "Pu"  "sp3" }
>>     { "Th4+" "Th"  "sp3" }
>> }
>> #
>> #	Define the PDB name map for the nucleic acids
>> #
>> addPdbResMap {
>>   { 0 "DG" "DG5"  } { 1 "DG" "DG3"  }  
>>   { 0 "DA" "DA5"  } { 1 "DA" "DA3"  }  
>>   { 0 "DC" "DC5"  } { 1 "DC" "DC3"  }  
>>   { 0 "DT" "DT5"  } { 1 "DT" "DT3"  }  
>> #  some really old Amber residue names, assuming DNA:
>>   { 0 "GUA" "DG5"  } { 1 "GUA" "DG3"  } { "GUA" "DG" }
>>   { 0 "ADE" "DA5"  } { 1 "ADE" "DA3"  } { "ADE" "DA" }
>>   { 0 "CYT" "DC5"  } { 1 "CYT" "DC3"  } { "CYT" "DC" }
>>   { 0 "THY" "DT5"  } { 1 "THY" "DT3"  } { "THY" "DT" }
>> 
>> }
>> 
>> #  try to be good about reading in really old atom names as well:
>> addPdbAtomMap {
>>   { "O5*" "O5'" }
>>   { "C5*" "C5'" }
>>   { "C4*" "C4'" }
>>   { "O4*" "O4'" }
>>   { "C3*" "C3'" }
>>   { "O3*" "O3'" }
>>   { "C2*" "C2'" }
>>   { "O2*" "O2'" }
>>   { "C1*" "C1'" }
>>   { "C5M" "C7"  }
>>   { "H1*" "H1'" }
>>   { "H2*1" "H2'" }
>>   { "H2*2" "H2''" }
>>   { "H2'1" "H2'" }
>>   { "H2'2" "H2''" }
>>   { "'H2'" "H2''" }
>>   { "H3*" "H3'" }
>>   { "H4*" "H4'" }
>>   { "H5*1" "H5'" }
>>   { "H5*2" "H5''" }
>>   { "H5'1" "H5'" }
>>   { "H5'2" "H5''" }
>>   { "'H5'" "H5''" }
>>   { "HO'2" "HO2'" }
>>   { "H5T"  "HO5'" }
>>   { "H3T"  "HO3'" }
>>   { "O1'" "O4'" }
>>   { "OA"  "OP1" }
>>   { "OB"  "OP2" }
>>   { "O1P" "OP1" }
>>   { "O2P" "OP2" }
>> }
>> 
>> #
>> # Load the OL15 force field for DNA
>> # 
>> 
>> addAtomTypes {
>>     { "CJ"  "C" "sp3" }
>>     { "C1"  "C" "sp2" }
>>     { "C2"  "C" "sp2" }
>>     { "C7"  "C" "sp3" }
>> }
>> 
>> loadoff DNA.OL15.lib 
Loading library: /home/xibeiz/Softwares/amber22/dat/leap/lib/DNA.OL15.lib
Loading: DA
Loading: DA3
Loading: DA5
Loading: DAN
Loading: DC
Loading: DC3
Loading: DC5
Loading: DCN
Loading: DG
Loading: DG3
Loading: DG5
Loading: DGN
Loading: DT
Loading: DT3
Loading: DT5
Loading: DTN
>> parm10 = loadamberparams parm10.dat
Loading parameters: /home/xibeiz/Softwares/amber22/dat/leap/parm/parm10.dat
Reading title:
PARM99 + frcmod.ff99SB + frcmod.parmbsc0 + OL3 for RNA
>> loadamberparams frcmod.DNA.OL15
Loading parameters: /home/xibeiz/Softwares/amber22/dat/leap/parm/frcmod.DNA.OL15
Reading force field modification type file (frcmod)
Reading title:
OL15 force field for DNA (99bsc0-betaOL1-eps-zetaOL1-chiOL4) see http://ffol.upol.cz
> 
> source leaprc.RNA.OL3
----- Source: /home/xibeiz/Softwares/amber22/dat/leap/cmd/leaprc.RNA.OL3
----- Source of /home/xibeiz/Softwares/amber22/dat/leap/cmd/leaprc.RNA.OL3 done
>> logFile leap.log
log started: Mon Nov 20 16:58:12 2023

Log file: ./leap.log
>> # ----- NOTE: this is designed for PDB format 3!
>> #       Uses ff99bsc0_chiOL3 for RNA
>> #       	(ff99): Wang et al. J. Comp. Chem. 21: 1049, 2000
>> #       	(bsc0): Perez et al. Biophys J. 92: 3817, 2007
>> #       	(chiOL3): Zgarbova et al. JCTC 7: 2886, 2011
>> #           (note: all of the above are in parm10.dat, loaded below)
>> #
>> #	load atom type hybridizations
>> #
>> addAtomTypes {
>> 	{ "H"   "H" "sp3" }
>> 	{ "HO"  "H" "sp3" }
>> 	{ "HS"  "H" "sp3" }
>> 	{ "H1"  "H" "sp3" }
>> 	{ "H2"  "H" "sp3" }
>> 	{ "H3"  "H" "sp3" }
>> 	{ "H4"  "H" "sp3" }
>> 	{ "H5"  "H" "sp3" }
>> 	{ "HW"  "H" "sp3" }
>> 	{ "HC"  "H" "sp3" }
>> 	{ "HA"  "H" "sp3" }
>> 	{ "HP"  "H" "sp3" }
>> 	{ "HZ"  "H" "sp3" }
>> 	{ "OH"  "O" "sp3" }
>> 	{ "OS"  "O" "sp3" }
>> 	{ "O"   "O" "sp2" }
>> 	{ "O2"  "O" "sp2" }
>> 	{ "OP"  "O" "sp2" }
>> 	{ "OW"  "O" "sp3" }
>> 	{ "CT"  "C" "sp3" }
>> 	{ "CX"  "C" "sp3" }
>> 	{ "CS"  "C" "sp2" }
>> 	{ "C"   "C" "sp2" }
>> 	{ "C*"  "C" "sp2" }
>> 	{ "CA"  "C" "sp2" }
>> 	{ "CB"  "C" "sp2" }
>> 	{ "CC"  "C" "sp2" }
>> 	{ "CN"  "C" "sp2" }
>> 	{ "CM"  "C" "sp2" }
>> 	{ "CK"  "C" "sp2" }
>> 	{ "CQ"  "C" "sp2" }
>> 	{ "CD"  "C" "sp2" }
>> 	{ "C5"  "C" "sp2" }
>> 	{ "C4"  "C" "sp2" }
>> 	{ "CP"  "C" "sp2" }
>> 	{ "CI"  "C" "sp3" }
>> 	{ "CW"  "C" "sp2" }
>> 	{ "CV"  "C" "sp2" }
>> 	{ "CR"  "C" "sp2" }
>> 	{ "CY"  "C" "sp2" }
>> 	{ "C0"  "Ca" "sp3" }
>> 	{ "MG"  "Mg" "sp3" }
>> 	{ "N"   "N" "sp2" }
>> 	{ "NA"  "N" "sp2" }
>> 	{ "N2"  "N" "sp2" }
>> 	{ "N*"  "N" "sp2" }
>> 	{ "NB"  "N" "sp2" }
>> 	{ "NC"  "N" "sp2" }
>> 	{ "NT"  "N" "sp3" }
>> 	{ "NY"  "N" "sp2" }
>> 	{ "N3"  "N" "sp3" }
>> 	{ "S"   "S" "sp3" }
>> 	{ "SH"  "S" "sp3" }
>> 	{ "P"   "P" "sp3" }
>> 	{ "LP"  ""  "sp3" }
>> 	{ "EP"  ""  "sp3" }
>> 	{ "F"   "F" "sp3" }
>> 	{ "Cl"  "Cl" "sp3" }
>> 	{ "Br"  "Br" "sp3" }
>> 	{ "I"   "I"  "sp3" }
>> }
>> #
>> #	Load the main parameter set.
>> #
>> parm10 = loadamberparams parm10.dat

/home/xibeiz/Softwares/amber22/bin/teLeap: Note.
Skipping parm10.dat: already loaded
>> #
>> #	Load main chain and terminating nucleic acids
>> #
>> 
>> loadOff RNA.lib
Loading library: /home/xibeiz/Softwares/amber22/dat/leap/lib/RNA.lib
Loading: A
Loading: A3
Loading: A5
Loading: AN
Loading: C
Loading: C3
Loading: C5
Loading: CN
Loading: G
Loading: G3
Loading: G5
Loading: GN
Loading: OHE
Loading: U
Loading: U3
Loading: U5
Loading: UN
>> 
>> #
>> #	Define the PDB name map for the nucleic acids
>> #
>> addPdbResMap {
>>   { 0 "G" "G5"  } { 1 "G" "G3"  } 
>>   { 0 "A" "A5"  } { 1 "A" "A3"  } 
>>   { 0 "C" "C5"  } { 1 "C" "C3"  } 
>>   { 0 "U" "U5"  } { 1 "U" "U3"  } 
>> #  some old Amber residue names for RNA:
>>   { 0  "RA5" "A5" } { 1 "RA3" "A3"} {"RA" "A" }
>>   { 0  "RC5" "C5" } { 1 "RC3" "C3"} {"RC" "C" }
>>   { 0  "RG5" "G5" } { 1 "RG3" "G3"} {"RG" "G" }
>>   { 0  "RU5" "U5" } { 1 "RU3" "U3"} {"RU" "U" }
>> #  uncomment out the following if you have this old style RNA files:
>> # { 0 "GUA" "G5"  } { 1 "GUA" "G3"  } { "GUA" "G" }
>> # { 0 "ADE" "A5"  } { 1 "ADE" "A3"  } { "ADE" "A" }
>> # { 0 "CYT" "C5"  } { 1 "CYT" "C3"  } { "CYT" "C" }
>> # { 0 "URA" "R5"  } { 1 "URA" "R3"  } { "URA" "R" }
>> 
>> }
>> 
>> #  try to be good about reading in really old atom names as well:
>> addPdbAtomMap {
>>   { "O5*" "O5'" }
>>   { "C5*" "C5'" }
>>   { "C4*" "C4'" }
>>   { "O4*" "O4'" }
>>   { "C3*" "C3'" }
>>   { "O3*" "O3'" }
>>   { "C2*" "C2'" }
>>   { "O2*" "O2'" }
>>   { "C1*" "C1'" }
>>   { "C5M" "C7"  }
>>   { "H1*" "H1'" }
>>   { "H2*1" "H2'" }
>>   { "H2*2" "H2''" }
>>   { "H2'1" "H2'" }
>>   { "H2'2" "H2''" }
>>   { "H3*" "H3'" }
>>   { "H4*" "H4'" }
>>   { "H5*1" "H5'" }
>>   { "H5*2" "H5''" }
>>   { "H5'1" "H5'" }
>>   { "H5'2" "H5''" }
>>   { "HO'2" "HO2'" }
>>   { "H5T"  "HO5'" }
>>   { "H3T"  "HO3'" }
>>   { "O1'" "O4'" }
>>   { "OA"  "OP1" }
>>   { "OB"  "OP2" }
>>   { "O1P" "OP1" }
>>   { "O2P" "OP2" }
>>   { "O3P" "OP3" }
>> }
Substituting map O5* -> O5'  for  O5* -> O5'
Substituting map C5* -> C5'  for  C5* -> C5'
Substituting map C4* -> C4'  for  C4* -> C4'
Substituting map O4* -> O4'  for  O4* -> O4'
Substituting map C3* -> C3'  for  C3* -> C3'
Substituting map O3* -> O3'  for  O3* -> O3'
Substituting map C2* -> C2'  for  C2* -> C2'
Substituting map O2* -> O2'  for  O2* -> O2'
Substituting map C1* -> C1'  for  C1* -> C1'
Substituting map C5M -> C7  for  C5M -> C7
Substituting map H1* -> H1'  for  H1* -> H1'
Substituting map H2*1 -> H2'  for  H2*1 -> H2'
Substituting map H2*2 -> H2''  for  H2*2 -> H2''
Substituting map H2'1 -> H2'  for  H2'1 -> H2'
Substituting map H2'2 -> H2''  for  H2'2 -> H2''
Substituting map H3* -> H3'  for  H3* -> H3'
Substituting map H4* -> H4'  for  H4* -> H4'
Substituting map H5*1 -> H5'  for  H5*1 -> H5'
Substituting map H5*2 -> H5''  for  H5*2 -> H5''
Substituting map H5'1 -> H5'  for  H5'1 -> H5'
Substituting map H5'2 -> H5''  for  H5'2 -> H5''
Substituting map HO'2 -> HO2'  for  HO'2 -> HO2'
Substituting map H5T -> HO5'  for  H5T -> HO5'
Substituting map H3T -> HO3'  for  H3T -> HO3'
Substituting map O1' -> O4'  for  O1' -> O4'
Substituting map OA -> OP1  for  OA -> OP1
Substituting map OB -> OP2  for  OB -> OP2
Substituting map O1P -> OP1  for  O1P -> OP1
Substituting map O2P -> OP2  for  O2P -> OP2
>> 
> 
> source leaprc.protein.ff14SB
----- Source: /home/xibeiz/Softwares/amber22/dat/leap/cmd/leaprc.protein.ff14SB
----- Source of /home/xibeiz/Softwares/amber22/dat/leap/cmd/leaprc.protein.ff14SB done
>> logFile leap.log
log started: Mon Nov 20 16:58:12 2023

Log file: ./leap.log
>> #
>> # ----- leaprc for loading the ff14SB force field
>> # ----- NOTE: this is designed for PDB format 3!
>> #
>> #	load atom type hybridizations
>> #
>> addAtomTypes {
>> 	{ "H"   "H" "sp3" }
>> 	{ "HO"  "H" "sp3" }
>> 	{ "HS"  "H" "sp3" }
>> 	{ "H1"  "H" "sp3" }
>> 	{ "H2"  "H" "sp3" }
>> 	{ "H3"  "H" "sp3" }
>> 	{ "H4"  "H" "sp3" }
>> 	{ "H5"  "H" "sp3" }
>> 	{ "HW"  "H" "sp3" }
>> 	{ "HC"  "H" "sp3" }
>> 	{ "HA"  "H" "sp3" }
>> 	{ "HP"  "H" "sp3" }
>> 	{ "HZ"  "H" "sp3" }
>> 	{ "OH"  "O" "sp3" }
>> 	{ "OS"  "O" "sp3" }
>> 	{ "O"   "O" "sp2" }
>> 	{ "O2"  "O" "sp2" }
>> 	{ "OP"  "O" "sp2" }
>> 	{ "OW"  "O" "sp3" }
>> 	{ "CT"  "C" "sp3" }
>> 	{ "CX"  "C" "sp3" }
>> 	{ "C8"  "C" "sp3" }
>> 	{ "2C"  "C" "sp3" }
>> 	{ "3C"  "C" "sp3" }
>> 	{ "CH"  "C" "sp3" }
>> 	{ "CS"  "C" "sp2" }
>> 	{ "C"   "C" "sp2" }
>> 	{ "CO"   "C" "sp2" }
>> 	{ "C*"  "C" "sp2" }
>> 	{ "CA"  "C" "sp2" }
>> 	{ "CB"  "C" "sp2" }
>> 	{ "CC"  "C" "sp2" }
>> 	{ "CN"  "C" "sp2" }
>> 	{ "CM"  "C" "sp2" }
>> 	{ "CK"  "C" "sp2" }
>> 	{ "CQ"  "C" "sp2" }
>> 	{ "CD"  "C" "sp2" }
>> 	{ "C5"  "C" "sp2" }
>> 	{ "C4"  "C" "sp2" }
>> 	{ "CP"  "C" "sp2" }
>> 	{ "CI"  "C" "sp3" }
>> 	{ "CJ"  "C" "sp2" }
>> 	{ "CW"  "C" "sp2" }
>> 	{ "CV"  "C" "sp2" }
>> 	{ "CR"  "C" "sp2" }
>> 	{ "CA"  "C" "sp2" }
>> 	{ "CY"  "C" "sp2" }
>> 	{ "C0"  "Ca" "sp3" }
>> 	{ "MG"  "Mg" "sp3" }
>> 	{ "N"   "N" "sp2" }
>> 	{ "NA"  "N" "sp2" }
>> 	{ "N2"  "N" "sp2" }
>> 	{ "N*"  "N" "sp2" }
>> 	{ "NP"  "N" "sp2" }
>> 	{ "NQ"  "N" "sp2" }
>> 	{ "NB"  "N" "sp2" }
>> 	{ "NC"  "N" "sp2" }
>> 	{ "NT"  "N" "sp3" }
>> 	{ "NY"  "N" "sp2" }
>> 	{ "N3"  "N" "sp3" }
>> 	{ "S"   "S" "sp3" }
>> 	{ "SH"  "S" "sp3" }
>> 	{ "P"   "P" "sp3" }
>> 	{ "LP"  ""  "sp3" }
>> 	{ "EP"  ""  "sp3" }
>> 	{ "F"   "F" "sp3" }
>> 	{ "Cl"  "Cl" "sp3" }
>> 	{ "Br"  "Br" "sp3" }
>> 	{ "I"   "I"  "sp3" }
>> }
>> #
>> #	Load the main parameter set.
>> #
>> parm10 = loadamberparams parm10.dat

/home/xibeiz/Softwares/amber22/bin/teLeap: Note.
Skipping parm10.dat: already loaded
>> frcmod14SB = loadamberparams frcmod.ff14SB
Loading parameters: /home/xibeiz/Softwares/amber22/dat/leap/parm/frcmod.ff14SB
Reading force field modification type file (frcmod)
Reading title:
ff14SB protein backbone and sidechain parameters
>> #
>> #	Load main chain and terminating amino acid libraries
>> #
>> loadOff amino12.lib
Loading library: /home/xibeiz/Softwares/amber22/dat/leap/lib/amino12.lib
Loading: ALA
Loading: ARG
Loading: ASH
Loading: ASN
Loading: ASP
Loading: CYM
Loading: CYS
Loading: CYX
Loading: GLH
Loading: GLN
Loading: GLU
Loading: GLY
Loading: HID
Loading: HIE
Loading: HIP
Loading: HYP
Loading: ILE
Loading: LEU
Loading: LYN
Loading: LYS
Loading: MET
Loading: PHE
Loading: PRO
Loading: SER
Loading: THR
Loading: TRP
Loading: TYR
Loading: VAL
>> loadOff aminoct12.lib
Loading library: /home/xibeiz/Softwares/amber22/dat/leap/lib/aminoct12.lib
Loading: CALA
Loading: CARG
Loading: CASN
Loading: CASP
Loading: CCYS
Loading: CCYX
Loading: CGLN
Loading: CGLU
Loading: CGLY
Loading: CHID
Loading: CHIE
Loading: CHIP
Loading: CHYP
Loading: CILE
Loading: CLEU
Loading: CLYS
Loading: CMET
Loading: CPHE
Loading: CPRO
Loading: CSER
Loading: CTHR
Loading: CTRP
Loading: CTYR
Loading: CVAL
Loading: NHE
Loading: NME
>> loadOff aminont12.lib
Loading library: /home/xibeiz/Softwares/amber22/dat/leap/lib/aminont12.lib
Loading: ACE
Loading: NALA
Loading: NARG
Loading: NASN
Loading: NASP
Loading: NCYS
Loading: NCYX
Loading: NGLN
Loading: NGLU
Loading: NGLY
Loading: NHID
Loading: NHIE
Loading: NHIP
Loading: NILE
Loading: NLEU
Loading: NLYS
Loading: NMET
Loading: NPHE
Loading: NPRO
Loading: NSER
Loading: NTHR
Loading: NTRP
Loading: NTYR
Loading: NVAL
>> 
>> #
>> #	Define the PDB name map for the amino acids
>> #
>> addPdbResMap {
>>   { 0 "HYP" "HYP" } { 1 "HYP" "CHYP" }
>>   { 0 "ALA" "NALA" } { 1 "ALA" "CALA" }
>>   { 0 "ARG" "NARG" } { 1 "ARG" "CARG" }
>>   { 0 "ASN" "NASN" } { 1 "ASN" "CASN" }
>>   { 0 "ASP" "NASP" } { 1 "ASP" "CASP" }
>>   { 0 "CYS" "NCYS" } { 1 "CYS" "CCYS" }
>>   { 0 "CYX" "NCYX" } { 1 "CYX" "CCYX" }
>>   { 0 "GLN" "NGLN" } { 1 "GLN" "CGLN" }
>>   { 0 "GLU" "NGLU" } { 1 "GLU" "CGLU" }
>>   { 0 "GLY" "NGLY" } { 1 "GLY" "CGLY" }
>>   { 0 "HID" "NHID" } { 1 "HID" "CHID" }
>>   { 0 "HIE" "NHIE" } { 1 "HIE" "CHIE" }
>>   { 0 "HIP" "NHIP" } { 1 "HIP" "CHIP" }
>>   { 0 "ILE" "NILE" } { 1 "ILE" "CILE" }
>>   { 0 "LEU" "NLEU" } { 1 "LEU" "CLEU" }
>>   { 0 "LYS" "NLYS" } { 1 "LYS" "CLYS" }
>>   { 0 "MET" "NMET" } { 1 "MET" "CMET" }
>>   { 0 "PHE" "NPHE" } { 1 "PHE" "CPHE" }
>>   { 0 "PRO" "NPRO" } { 1 "PRO" "CPRO" }
>>   { 0 "SER" "NSER" } { 1 "SER" "CSER" }
>>   { 0 "THR" "NTHR" } { 1 "THR" "CTHR" }
>>   { 0 "TRP" "NTRP" } { 1 "TRP" "CTRP" }
>>   { 0 "TYR" "NTYR" } { 1 "TYR" "CTYR" }
>>   { 0 "VAL" "NVAL" } { 1 "VAL" "CVAL" }
>>   { 0 "HIS" "NHIS" } { 1 "HIS" "CHIS" }
>> }
>> 
>> #
>> # assume that most often proteins use HIE
>> #
>> NHIS = NHIE
>> HIS = HIE
>> CHIS = CHIE
> 
> source leaprc.gaff2
----- Source: /home/xibeiz/Softwares/amber22/dat/leap/cmd/leaprc.gaff2
----- Source of /home/xibeiz/Softwares/amber22/dat/leap/cmd/leaprc.gaff2 done
>> logFile leap.log
log started: Mon Nov 20 16:58:13 2023

Log file: ./leap.log
>> #
>> # ----- leaprc for loading the general Amber Force field.
>> #       This file is mostly for use with Antechamber
>> #
>> #	load atom type hybridizations
>> #
>> addAtomTypes {
>> 	{ "h1"  "H" "sp3" }
>> 	{ "h2"  "H" "sp3" }
>> 	{ "h3"  "H" "sp3" }
>> 	{ "h4"  "H" "sp3" }
>> 	{ "h5"  "H" "sp3" }
>> 	{ "ha"  "H" "sp3" }
>> 	{ "hc"  "H" "sp3" }
>> 	{ "hn"  "H" "sp3" }
>> 	{ "ho"  "H" "sp3" }
>> 	{ "hp"  "H" "sp3" }
>> 	{ "hs"  "H" "sp3" }
>> 	{ "hw"  "H" "sp3" }
>> 	{ "hx"  "H" "sp3" }
>> 	{ "o"  "O" "sp2" }
>> 	{ "o2"  "O" "sp2" }
>> 	{ "oh"  "O" "sp3" }
>> 	{ "op"  "O" "sp3" }
>> 	{ "oq"  "O" "sp3" }
>> 	{ "os"  "O" "sp3" }
>> 	{ "ow"  "O" "sp3" }
>> 	{ "c"  "C" "sp2" }
>> 	{ "c1"  "C" "sp2" }
>> 	{ "c2"  "C" "sp2" }
>> 	{ "c3"  "C" "sp3" }
>> 	{ "ca"  "C" "sp2" }
>> 	{ "cc"  "C" "sp2" }
>> 	{ "cd"  "C" "sp2" }
>> 	{ "ce"  "C" "sp2" }
>> 	{ "cf"  "C" "sp2" }
>> 	{ "cg"  "C" "sp2" }
>> 	{ "ch"  "C" "sp2" }
>> 	{ "cp"  "C" "sp2" }
>> 	{ "cs"  "C" "sp2" }
>> 	{ "cq"  "C" "sp2" }
>> 	{ "cu"  "C" "sp2" }
>> 	{ "cv"  "C" "sp2" }
>> 	{ "cx"  "C" "sp2" }
>> 	{ "cy"  "C" "sp2" }
>> 	{ "cz"  "C" "sp2" }
>> 	{ "n"   "N" "sp2" }
>> 	{ "n1"  "N" "sp2" }
>> 	{ "n2"  "N" "sp2" }
>> 	{ "n3"  "N" "sp3" }
>> 	{ "n4"  "N" "sp3" }
>> 	{ "n5"  "N" "sp3" }
>> 	{ "n6"  "N" "sp3" }
>> 	{ "n7"  "N" "sp3" }
>> 	{ "n8"  "N" "sp3" }
>> 	{ "n9"  "N" "sp3" }
>> 	{ "na"  "N" "sp2" }
>> 	{ "nb"  "N" "sp2" }
>> 	{ "nc"  "N" "sp2" }
>> 	{ "nd"  "N" "sp2" }
>> 	{ "ne"  "N" "sp2" }
>> 	{ "nf"  "N" "sp2" }
>> 	{ "nh"  "N" "sp2" }
>> 	{ "ni"  "N" "sp2" }
>> 	{ "nj"  "N" "sp2" }
>> 	{ "nk"  "N" "sp3" }
>> 	{ "nl"  "N" "sp3" }
>> 	{ "nm"  "N" "sp2" }
>> 	{ "nn"  "N" "sp2" }
>> 	{ "no"  "N" "sp2" }
>> 	{ "np"  "N" "sp3" }
>> 	{ "nq"  "N" "sp3" }
>> 	{ "ns"  "N" "sp2" }
>> 	{ "nt"  "N" "sp2" }
>> 	{ "nu"  "N" "sp2" }
>> 	{ "nv"  "N" "sp2" }
>> 	{ "nx"  "N" "sp3" }
>> 	{ "ny"  "N" "sp3" }
>> 	{ "nz"  "N" "sp3" }
>> 	{ "n+"  "N" "sp3" }
>> 	{ "s"   "S" "sp2" }
>> 	{ "s2"   "S" "sp2" }
>> 	{ "s3"   "S" "sp3" }
>> 	{ "s4"   "S" "sp3" }
>> 	{ "s6"   "S" "sp3" }
>> 	{ "sh"   "S" "sp3" }
>> 	{ "sp"   "S" "sp3" }
>> 	{ "sq"   "S" "sp3" }
>> 	{ "ss"   "S" "sp3" }
>> 	{ "sx"   "S" "sp3" }
>> 	{ "sy"   "S" "sp3" }
>> 	{ "p2"   "P" "sp2" }
>> 	{ "p3"   "P" "sp3" }
>> 	{ "p4"   "P" "sp3" }
>> 	{ "p5"   "P" "sp3" }
>> 	{ "pb"   "P" "sp3" }
>> 	{ "pc"   "P" "sp3" }
>> 	{ "pd"   "P" "sp3" }
>> 	{ "pe"   "P" "sp3" }
>> 	{ "pf"   "P" "sp3" }
>> 	{ "px"   "P" "sp3" }
>> 	{ "py"   "P" "sp3" }
>> 	{ "f"   "F" "sp3" }
>> 	{ "cl"  "Cl" "sp3" }
>> 	{ "br"  "Br" "sp3" }
>> 	{ "i"   "I"  "sp3" }
>> }
>> #
>> #	Load the general force field parameter set.
>> #
>> gaff = loadamberparams gaff2.dat
Loading parameters: /home/xibeiz/Softwares/amber22/dat/leap/parm/gaff2.dat
Reading title:
AMBER General Force Field for organic molecules (Version 2.2.20, March 2021)
(UNKNOWN ATOM TYPE: c6)
> 
> source leaprc.water.tip3p
----- Source: /home/xibeiz/Softwares/amber22/dat/leap/cmd/leaprc.water.tip3p
----- Source of /home/xibeiz/Softwares/amber22/dat/leap/cmd/leaprc.water.tip3p done
>> #
>> #       Load water and ions for TIP3P + Li/Merz monovalent ions 
>> #       + Joung-Chetham monovalent ions
>> #       + Li/Merz highly charged ions (+2 to +4, 12-6 normal usage set)
>> #
>> #       Note: the Li/Merz monovalent set is loaded only to get Tl+,
>> #          Cu+, Ag+ NH4+, H3O+.  Since we load Joung-Cheatham second,
>> #          the alkali halide parameters come from the Joung-Cheatham set
>> #
>> addAtomTypes {
>> 	{ "HW"  "H" "sp3" }
>> 	{ "OW"  "O" "sp3" }
>> 	{ "F-"   "F" "sp3" }
>> 	{ "Cl-"  "Cl" "sp3" }
>> 	{ "Br-"  "Br" "sp3" }
>> 	{ "I-"   "I"  "sp3" }
>> 	{ "Li+"  "Li"  "sp3" }
>> 	{ "Na+"  "Na"  "sp3" }
>> 	{ "K+"  "K"  "sp3" }
>> 	{ "Rb+"  "Rb"  "sp3" }
>> 	{ "Cs+"  "Cs"  "sp3" }
>> 	{ "Mg+"  "Mg"  "sp3" }
>>     { "Tl+"  "Tl"  "sp3" }
>>     { "Cu+"  "Cu"  "sp3" }
>>     { "Ag+"  "Ag"  "sp3" }
>>     { "NH4+"  "N"  "sp3" }
>>     { "H3O+"  "O"  "sp3" }
>>     { "Be2+" "Be"  "sp3" }
>>     { "Cu2+" "Cu"  "sp3" }
>>     { "Ni2+" "Ni"  "sp3" }
>>     { "Pt2+" "Pt"  "sp3" }
>>     { "Zn2+" "Zn"  "sp3" }
>>     { "Co2+" "Co"  "sp3" }
>>     { "Pd2+" "Pd"  "sp3" }
>>     { "Ag2+" "Ag"  "sp3" }
>>     { "Cr2+" "Cr"  "sp3" }
>>     { "Fe2+" "Fe"  "sp3" }
>>     { "Mg2+" "Mg"  "sp3" }
>>     { "V2+"  "V"   "sp3" }
>>     { "Mn2+" "Mn"  "sp3" }
>>     { "Hg2+" "Hg"  "sp3" }
>>     { "Cd2+" "Cd"  "sp3" }
>>     { "Yb2+" "Yb"  "sp3" }
>>     { "Ca2+" "Ca"  "sp3" }
>>     { "Sn2+" "Sn"  "sp3" }
>>     { "Pb2+" "Pb"  "sp3" }
>>     { "Eu2+" "Eu"  "sp3" }
>>     { "Sr2+" "Sr"  "sp3" }
>>     { "Sm2+" "Sm"  "sp3" }
>>     { "Ba2+" "Ba"  "sp3" }
>>     { "Ra2+" "Ra"  "sp3" }
>>     { "Al3+" "Al"  "sp3" }
>>     { "Fe3+" "Fe"  "sp3" }
>>     { "Cr3+" "Cr"  "sp3" }
>>     { "In3+" "In"  "sp3" }
>>     { "Tl3+" "Tl"  "sp3" }
>>     { "Y3+"  "Y"   "sp3" }
>>     { "La3+" "La"  "sp3" }
>>     { "Ce3+" "Ce"  "sp3" }
>>     { "Pr3+" "Pr"  "sp3" }
>>     { "Nd3+" "Nd"  "sp3" }
>>     { "Sm3+" "Sm"  "sp3" }
>>     { "Eu3+" "Eu"  "sp3" }
>>     { "Gd3+" "Gd"  "sp3" }
>>     { "Tb3+" "Tb"  "sp3" }
>>     { "Dy3+" "Dy"  "sp3" }
>>     { "Er3+" "Er"  "sp3" }
>>     { "Tm3+" "Tm"  "sp3" }
>>     { "Lu3+" "Lu"  "sp3" }
>>     { "Hf4+" "Hf"  "sp3" }
>>     { "Zr4+" "Zr"  "sp3" }
>>     { "Ce4+" "Ce"  "sp3" }
>>     { "U4+"  "U"   "sp3" }
>>     { "Pu4+" "Pu"  "sp3" }
>>     { "Th4+" "Th"  "sp3" }
>> }
>> loadOff atomic_ions.lib
Loading library: /home/xibeiz/Softwares/amber22/dat/leap/lib/atomic_ions.lib
Loading: AG
Loading: AL
Loading: Ag
Loading: BA
Loading: BR
Loading: Be
Loading: CA
Loading: CD
Loading: CE
Loading: CL
Loading: CO
Loading: CR
Loading: CS
Loading: CU
Loading: CU1
Loading: Ce
Loading: Cl-
Loading: Cr
Loading: Dy
Loading: EU
Loading: EU3
Loading: Er
Loading: F
Loading: FE
Loading: FE2
Loading: GD3
Loading: H3O+
Loading: HE+
Loading: HG
Loading: HZ+
Loading: Hf
Loading: IN
Loading: IOD
Loading: K
Loading: K+
Loading: LA
Loading: LI
Loading: LU
Loading: MG
Loading: MN
Loading: NA
Loading: NH4
Loading: NI
Loading: Na+
Loading: Nd
Loading: PB
Loading: PD
Loading: PR
Loading: PT
Loading: Pu
Loading: RB
Loading: Ra
Loading: SM
Loading: SR
Loading: Sm
Loading: Sn
Loading: TB
Loading: TL
Loading: Th
Loading: Tl
Loading: Tm
Loading: U4+
Loading: V2+
Loading: Y
Loading: YB2
Loading: ZN
Loading: Zr
>> loadOff solvents.lib
Loading library: /home/xibeiz/Softwares/amber22/dat/leap/lib/solvents.lib
Loading: CHCL3BOX
Loading: DC4
Loading: FB3
Loading: FB3BOX
Loading: FB4
Loading: FB4BOX
Loading: MEOHBOX
Loading: NMABOX
Loading: O3P
Loading: OP3
Loading: OPC
Loading: OPC3BOX
Loading: OPC3POLBOX
Loading: OPCBOX
Loading: PL3
Loading: POL3BOX
Loading: QSPCFWBOX
Loading: SPC
Loading: SPCBOX
Loading: SPCFWBOX
Loading: SPF
Loading: SPG
Loading: T4E
Loading: TIP3PBOX
Loading: TIP3PFBOX
Loading: TIP4PBOX
Loading: TIP4PEWBOX
Loading: TIP5PBOX
Loading: TP3
Loading: TP4
Loading: TP5
Loading: TPF
>> HOH = TP3
>> WAT = TP3
>> loadAmberParams frcmod.tip3p
Loading parameters: /home/xibeiz/Softwares/amber22/dat/leap/parm/frcmod.tip3p
Reading force field modification type file (frcmod)
Reading title:
This is the additional/replacement parameter set for TIP3P water
>> loadAmberParams frcmod.ions1lm_126_tip3p
Loading parameters: /home/xibeiz/Softwares/amber22/dat/leap/parm/frcmod.ions1lm_126_tip3p
Reading force field modification type file (frcmod)
Reading title:
Li/Merz ion parameters of monovalent ions for TIP3P water model (12-6 normal usage set)
>> loadAmberParams frcmod.ionsjc_tip3p
Loading parameters: /home/xibeiz/Softwares/amber22/dat/leap/parm/frcmod.ionsjc_tip3p
Reading force field modification type file (frcmod)
Reading title:
Monovalent ion parameters for Ewald and TIP3P water from Joung & Cheatham JPCB (2008)
>> loadAmberParams frcmod.ions234lm_126_tip3p
Loading parameters: /home/xibeiz/Softwares/amber22/dat/leap/parm/frcmod.ions234lm_126_tip3p
Reading force field modification type file (frcmod)
Reading title:
Li/Merz ion parameters of divalent to tetravalent ions for TIP3P water model (12-6 normal usage set)
>> 
> 
> #frcmod = loadamberparams pseudo_hybrid.frcmod
> #loadoff S2L.lib
> 
> rfp = loadmol2 rfp.mol2
Loading Mol2 file: ./rfp.mol2
Reading MOLECULE named rfp.pdb
> frcmod = loadamberparams rfp.frcmod
Loading parameters: ./rfp.frcmod
Reading force field modification type file (frcmod)
Reading title:
Remark line goes here
> 
> addAtomTypes { { "ZN" "Zn" "sp3" } { "S3" "S" "sp3" } { "N2" "N" "sp3" } } #Add atom types for the ZAFF metal center with Center ID 4
> 
> loadamberprep ZAFF.prep
Loading Prep file: ./ZAFF.prep
(UNKNOWN ATOM TYPE: S1)
(UNKNOWN ATOM TYPE: S5)
(UNKNOWN ATOM TYPE: D1)
(UNKNOWN ATOM TYPE: E1)
(UNKNOWN ATOM TYPE: D2)
(UNKNOWN ATOM TYPE: D2)
(UNKNOWN ATOM TYPE: E2)
(UNKNOWN ATOM TYPE: NR)
(UNKNOWN ATOM TYPE: O1)
(UNKNOWN ATOM TYPE: N0)
(UNKNOWN ATOM TYPE: O3)
(UNKNOWN ATOM TYPE: O4)
Loaded UNIT: AP1
Loaded UNIT: AP2
Loaded UNIT: CY1
Loaded UNIT: CY2
Loaded UNIT: CY3
Loaded UNIT: CY4
Loaded UNIT: CY5
Loaded UNIT: HD1
Loaded UNIT: HD2
Loaded UNIT: HD3
Loaded UNIT: HD4
Loaded UNIT: HD5
Loaded UNIT: HD6
Loaded UNIT: HD7
Loaded UNIT: HD8
Loaded UNIT: HD9
Loaded UNIT: HDA
Loaded UNIT: HDD
Loaded UNIT: HE1
Loaded UNIT: HE2
Loaded UNIT: HE3
Loaded UNIT: HE4
Loaded UNIT: HE5
Loaded UNIT: HE6
Loaded UNIT: OH1
Loaded UNIT: WT1
Loaded UNIT: WT2
Loaded UNIT: WT3
Loaded UNIT: Z10
Loaded UNIT: Z11
Loaded UNIT: Z12
Loaded UNIT: ZN1
Loaded UNIT: ZN2
Loaded UNIT: ZN3
Loaded UNIT: ZN4
Loaded UNIT: ZN5
Loaded UNIT: ZN6
Loaded UNIT: ZN7
Loaded UNIT: ZN8
Loaded UNIT: ZN9
> loadamberparams ZAFF.frcmod
Loading parameters: ./ZAFF.frcmod
Reading force field modification type file (frcmod)
Reading title:
ZAFF parameter set created by MTK++/MCPB 
(UNKNOWN ATOM TYPE: S1)
(UNKNOWN ATOM TYPE: S5)
(UNKNOWN ATOM TYPE: O1)
(UNKNOWN ATOM TYPE: N0)
(UNKNOWN ATOM TYPE: O3)
(UNKNOWN ATOM TYPE: O4)
(UNKNOWN ATOM TYPE: E1)
(UNKNOWN ATOM TYPE: D1)
(UNKNOWN ATOM TYPE: E2)
(UNKNOWN ATOM TYPE: D2)
(UNKNOWN ATOM TYPE: NR)
> 
> rec = loadpdb 5uh6_tleap.pdb
Loading PDB file: ./5uh6_tleap.pdb
Matching PDB residue names to LEaP variables.
Mapped residue ILE, term: Terminal/beginning, seq. number: 0 to: NILE.
Mapped residue ASN, term: Terminal/last, seq. number: 223 to: CASN.
Mapped residue ARG, term: Terminal/beginning, seq. number: 224 to: NARG.
Mapped residue ILE, term: Terminal/last, seq. number: 450 to: CILE.
Mapped residue SER, term: Terminal/beginning, seq. number: 451 to: NSER.
Mapped residue GLU, term: Terminal/last, seq. number: 1576 to: CGLU.
Mapped residue ASP, term: Terminal/beginning, seq. number: 1577 to: NASP.
Mapped residue ALA, term: Terminal/last, seq. number: 2855 to: CALA.
Mapped residue GLY, term: Terminal/beginning, seq. number: 2856 to: NGLY.
Mapped residue GLU, term: Terminal/last, seq. number: 2936 to: CGLU.
Mapped residue ASP, term: Terminal/beginning, seq. number: 2937 to: NASP.
Mapped residue ASP, term: Terminal/last, seq. number: 3258 to: CASP.
Mapped residue DT, term: Terminal/beginning, seq. number: 3259 to: DT5.
Mapped residue DG, term: Terminal/last, seq. number: 3281 to: DG3.
Mapped residue DC, term: Terminal/beginning, seq. number: 3282 to: DC5.
Mapped residue DG, term: Terminal/last, seq. number: 3296 to: DG3.
Mapped residue G, term: Terminal/beginning, seq. number: 3297 to: G5.
Mapped residue A, term: Terminal/last, seq. number: 3298 to: A3.
  Added missing heavy atom: .R<GLU 156>.A<CG 8>
  Added missing heavy atom: .R<GLU 156>.A<CD 11>
  Added missing heavy atom: .R<GLU 156>.A<OE1 12>
  Added missing heavy atom: .R<GLU 156>.A<OE2 13>
  Added missing heavy atom: .R<CASN 224>.A<OXT 15>
  Added missing heavy atom: .R<NARG 225>.A<CG 10>
  Added missing heavy atom: .R<NARG 225>.A<CD 13>
  Added missing heavy atom: .R<NARG 225>.A<NE 16>
  Added missing heavy atom: .R<NARG 225>.A<CZ 18>
  Added missing heavy atom: .R<NARG 225>.A<NH1 19>
  Added missing heavy atom: .R<NARG 225>.A<NH2 22>
  Added missing heavy atom: .R<ARG 380>.A<CG 8>
  Added missing heavy atom: .R<ARG 380>.A<CD 11>
  Added missing heavy atom: .R<ARG 380>.A<NE 14>
  Added missing heavy atom: .R<ARG 380>.A<CZ 16>
  Added missing heavy atom: .R<ARG 380>.A<NH1 17>
  Added missing heavy atom: .R<ARG 380>.A<NH2 20>
  Added missing heavy atom: .R<CILE 451>.A<OXT 20>
  Added missing heavy atom: .R<NSER 452>.A<OG 10>
  Added missing heavy atom: .R<ASN 453>.A<CG 8>
  Added missing heavy atom: .R<ASN 453>.A<OD1 9>
  Added missing heavy atom: .R<ASN 453>.A<ND2 10>
  Added missing heavy atom: .R<ARG 652>.A<CG 8>
  Added missing heavy atom: .R<ARG 652>.A<CD 11>
  Added missing heavy atom: .R<ARG 652>.A<NE 14>
  Added missing heavy atom: .R<ARG 652>.A<CZ 16>
  Added missing heavy atom: .R<ARG 652>.A<NH1 17>
  Added missing heavy atom: .R<ARG 652>.A<NH2 20>
  Added missing heavy atom: .R<GLU 1219>.A<CG 8>
  Added missing heavy atom: .R<GLU 1219>.A<CD 11>
  Added missing heavy atom: .R<GLU 1219>.A<OE1 12>
  Added missing heavy atom: .R<GLU 1219>.A<OE2 13>
  Added missing heavy atom: .R<GLU 1573>.A<CG 8>
  Added missing heavy atom: .R<GLU 1573>.A<CD 11>
  Added missing heavy atom: .R<GLU 1573>.A<OE1 12>
  Added missing heavy atom: .R<GLU 1573>.A<OE2 13>
  Added missing heavy atom: .R<GLU 1575>.A<CG 8>
  Added missing heavy atom: .R<GLU 1575>.A<CD 11>
  Added missing heavy atom: .R<GLU 1575>.A<OE1 12>
  Added missing heavy atom: .R<GLU 1575>.A<OE2 13>
  Added missing heavy atom: .R<ASP 1576>.A<CG 8>
  Added missing heavy atom: .R<ASP 1576>.A<OD1 9>
  Added missing heavy atom: .R<ASP 1576>.A<OD2 10>
  Added missing heavy atom: .R<CGLU 1577>.A<OXT 16>
  Added missing heavy atom: .R<CGLU 1577>.A<CG 8>
  Added missing heavy atom: .R<CGLU 1577>.A<CD 11>
  Added missing heavy atom: .R<CGLU 1577>.A<OE1 12>
  Added missing heavy atom: .R<CGLU 1577>.A<OE2 13>
  Added missing heavy atom: .R<LYS 1860>.A<CG 8>
  Added missing heavy atom: .R<LYS 1860>.A<CD 11>
  Added missing heavy atom: .R<LYS 1860>.A<CE 14>
  Added missing heavy atom: .R<LYS 1860>.A<NZ 17>
  Added missing heavy atom: .R<ASP 2180>.A<CG 8>
  Added missing heavy atom: .R<ASP 2180>.A<OD1 9>
  Added missing heavy atom: .R<ASP 2180>.A<OD2 10>
  Added missing heavy atom: .R<LYS 2654>.A<CG 8>
  Added missing heavy atom: .R<LYS 2654>.A<CD 11>
  Added missing heavy atom: .R<LYS 2654>.A<CE 14>
  Added missing heavy atom: .R<LYS 2654>.A<NZ 17>
  Added missing heavy atom: .R<ARG 2660>.A<CG 8>
  Added missing heavy atom: .R<ARG 2660>.A<CD 11>
  Added missing heavy atom: .R<ARG 2660>.A<NE 14>
  Added missing heavy atom: .R<ARG 2660>.A<CZ 16>
  Added missing heavy atom: .R<ARG 2660>.A<NH1 17>
  Added missing heavy atom: .R<ARG 2660>.A<NH2 20>
  Added missing heavy atom: .R<PHE 2664>.A<CG 8>
  Added missing heavy atom: .R<PHE 2664>.A<CD1 9>
  Added missing heavy atom: .R<PHE 2664>.A<CD2 17>
  Added missing heavy atom: .R<PHE 2664>.A<CE1 11>
  Added missing heavy atom: .R<PHE 2664>.A<CE2 15>
  Added missing heavy atom: .R<PHE 2664>.A<CZ 13>
  Added missing heavy atom: .R<ASP 2668>.A<CG 8>
  Added missing heavy atom: .R<ASP 2668>.A<OD1 9>
  Added missing heavy atom: .R<ASP 2668>.A<OD2 10>
  Added missing heavy atom: .R<ARG 2672>.A<CG 8>
  Added missing heavy atom: .R<ARG 2672>.A<CD 11>
  Added missing heavy atom: .R<ARG 2672>.A<NE 14>
  Added missing heavy atom: .R<ARG 2672>.A<CZ 16>
  Added missing heavy atom: .R<ARG 2672>.A<NH1 17>
  Added missing heavy atom: .R<ARG 2672>.A<NH2 20>
  Added missing heavy atom: .R<CALA 2856>.A<OXT 11>
  Added missing heavy atom: .R<GLU 2906>.A<CG 8>
  Added missing heavy atom: .R<GLU 2906>.A<CD 11>
  Added missing heavy atom: .R<GLU 2906>.A<OE1 12>
  Added missing heavy atom: .R<GLU 2906>.A<OE2 13>
  Added missing heavy atom: .R<CGLU 2937>.A<OXT 16>
  Added missing heavy atom: .R<NASP 2938>.A<CG 10>
  Added missing heavy atom: .R<NASP 2938>.A<OD1 11>
  Added missing heavy atom: .R<NASP 2938>.A<OD2 12>
  Added missing heavy atom: .R<ARG 3115>.A<CG 8>
  Added missing heavy atom: .R<ARG 3115>.A<CD 11>
  Added missing heavy atom: .R<ARG 3115>.A<NE 14>
  Added missing heavy atom: .R<ARG 3115>.A<CZ 16>
  Added missing heavy atom: .R<ARG 3115>.A<NH1 17>
  Added missing heavy atom: .R<ARG 3115>.A<NH2 20>
  Added missing heavy atom: .R<PHE 3210>.A<CG 8>
  Added missing heavy atom: .R<PHE 3210>.A<CD1 9>
  Added missing heavy atom: .R<PHE 3210>.A<CD2 17>
  Added missing heavy atom: .R<PHE 3210>.A<CE1 11>
  Added missing heavy atom: .R<PHE 3210>.A<CE2 15>
  Added missing heavy atom: .R<PHE 3210>.A<CZ 13>
  Added missing heavy atom: .R<CASP 3259>.A<OXT 13>
  total atoms in file: 51536
  Leap added 696 missing atoms according to residue templates:
       102 Heavy
       594 H / lone pairs
> #bond rec.879.C rec.880.NT1
> #bond rec.880.CT18 rec.881.N
> 
> bond rec.3300.ZN rec.2466.SG
> bond rec.3300.ZN rec.2543.SG
> bond rec.3300.ZN rec.2553.SG
> bond rec.3300.ZN rec.2550.SG
> 
> bond rec.3301.ZN rec.1653.SG
> bond rec.3301.ZN rec.1650.SG
> bond rec.3301.ZN rec.1637.SG
> bond rec.3301.ZN rec.1635.SG
> 
> complex = combine{rec rfp}
  Sequence: default_name
  Sequence: rfp.pdb
> alignaxes complex
> addions2 complex Na+ 0.0
138 Na+ ions required to neutralize.
Adding 138 counter ions to "complex" using 1A grid
Total solute charge:  -138.00  Max atom radius:   2.10
Grid extends from solute vdw + 1.37  to  7.47
Box:
   enclosing:  -62.47 -67.37 -101.81   64.74 80.59 93.86
   sized:			      193.53 188.63 154.19
   edge:        256.00
Resolution:      1.00 Angstrom.
Tree depth: 8
Volume =  2.66% of box, grid points 445487
Calculating grid charges
Placed Na+ in complex at (-14.47, -35.37, 2.19).
Placed Na+ in complex at (7.53, 18.63, 4.19).
Placed Na+ in complex at (4.53, -21.37, -11.81).
Placed Na+ in complex at (-32.47, 13.63, -23.81).
Placed Na+ in complex at (43.53, -31.37, -3.81).
Placed Na+ in complex at (18.53, 43.63, -5.81).
Placed Na+ in complex at (7.53, -39.37, -0.81).
Placed Na+ in complex at (-27.47, 25.63, -30.81).
Placed Na+ in complex at (31.53, 12.63, 17.19).
Placed Na+ in complex at (25.53, 38.63, -17.81).
Placed Na+ in complex at (39.53, -0.37, -7.81).
Placed Na+ in complex at (16.53, 21.63, -4.81).
Placed Na+ in complex at (-18.47, -45.37, 15.19).
Placed Na+ in complex at (-11.47, -22.37, -61.81).
Placed Na+ in complex at (28.53, 32.63, -35.81).
Placed Na+ in complex at (-41.47, 3.63, -13.81).
Placed Na+ in complex at (15.53, -26.37, -15.81).
Placed Na+ in complex at (18.53, 42.63, 44.19).
Placed Na+ in complex at (34.53, 5.63, 20.19).
Placed Na+ in complex at (-3.47, -5.37, -12.81).
Placed Na+ in complex at (-32.47, 30.63, 12.19).
Placed Na+ in complex at (47.53, -12.37, 5.19).
Placed Na+ in complex at (10.53, -9.37, -30.81).
Placed Na+ in complex at (27.53, -23.37, 20.19).
Placed Na+ in complex at (-11.47, 25.63, -13.81).
Placed Na+ in complex at (-31.47, -18.37, 24.19).
Placed Na+ in complex at (33.53, 19.63, 24.19).
Placed Na+ in complex at (-33.47, -6.37, -5.81).
Placed Na+ in complex at (-2.47, 9.63, -1.81).
Placed Na+ in complex at (-19.47, -31.37, 49.19).
Placed Na+ in complex at (-41.47, -40.37, 20.19).
Placed Na+ in complex at (31.53, -2.37, -36.81).
Placed Na+ in complex at (-35.47, -4.37, -61.81).
Placed Na+ in complex at (11.53, 32.63, 40.19).
Placed Na+ in complex at (-46.47, 6.63, 30.19).
Placed Na+ in complex at (-33.47, 18.63, -26.81).
Placed Na+ in complex at (-23.47, -41.37, 13.19).
Placed Na+ in complex at (27.53, -37.37, -3.81).
Placed Na+ in complex at (-38.47, 49.63, 8.19).
Placed Na+ in complex at (-15.47, 17.63, 43.19).
Placed Na+ in complex at (41.53, 12.63, -3.81).
Placed Na+ in complex at (38.53, 18.63, -53.81).
Placed Na+ in complex at (-22.47, -7.37, -71.81).
Placed Na+ in complex at (-22.47, -26.37, 29.19).
Placed Na+ in complex at (-34.47, -54.37, -3.81).
Placed Na+ in complex at (20.53, 25.63, 52.19).
Placed Na+ in complex at (5.53, 35.63, 13.19).
Placed Na+ in complex at (25.53, -23.37, -45.81).
Placed Na+ in complex at (2.53, 0.63, 80.19).
Placed Na+ in complex at (-46.47, -29.37, 21.19).
Placed Na+ in complex at (-7.47, 27.63, 31.19).
Placed Na+ in complex at (-8.47, -24.37, -15.81).
Placed Na+ in complex at (24.53, 37.63, -7.81).
Placed Na+ in complex at (-7.47, 0.63, -4.81).
Placed Na+ in complex at (-3.47, -25.37, 72.19).
Placed Na+ in complex at (-49.47, 13.63, 21.19).
Placed Na+ in complex at (37.53, -16.37, -13.81).
Placed Na+ in complex at (-43.47, -11.37, -20.81).
Placed Na+ in complex at (47.53, 4.63, 8.19).
Placed Na+ in complex at (-17.47, 33.63, -64.81).
Placed Na+ in complex at (3.53, 21.63, 46.19).
Placed Na+ in complex at (5.53, -39.37, -43.81).
Placed Na+ in complex at (-27.47, -10.37, 27.19).
Placed Na+ in complex at (9.53, 45.63, -3.81).
Placed Na+ in complex at (14.53, -21.37, -7.81).
Placed Na+ in complex at (-30.47, -14.37, 55.19).
Placed Na+ in complex at (19.53, -23.37, -88.81).
Placed Na+ in complex at (6.53, -44.37, -1.81).
Placed Na+ in complex at (-11.47, 21.63, 55.19).
Placed Na+ in complex at (-6.47, -6.37, -26.81).
Placed Na+ in complex at (48.53, -18.37, 7.19).
Placed Na+ in complex at (1.53, -28.37, 51.19).
Placed Na+ in complex at (-7.47, 48.63, -12.81).
Placed Na+ in complex at (29.53, 19.63, 49.19).
Placed Na+ in complex at (-40.47, -6.37, -40.81).
Placed Na+ in complex at (40.53, 17.63, -18.81).
Placed Na+ in complex at (10.53, -42.37, 21.19).
Placed Na+ in complex at (20.53, 2.63, 67.19).
Placed Na+ in complex at (34.53, -25.37, -35.81).
Placed Na+ in complex at (-44.47, -15.37, 4.19).
Placed Na+ in complex at (0.53, 24.63, -68.81).
Placed Na+ in complex at (1.53, -25.37, 33.19).
Placed Na+ in complex at (23.53, 34.63, -16.81).
Placed Na+ in complex at (-13.47, -23.37, 84.19).
Placed Na+ in complex at (18.53, -18.37, -53.81).
Placed Na+ in complex at (10.53, 14.63, 8.19).
Placed Na+ in complex at (-12.47, -25.37, -79.81).
Placed Na+ in complex at (16.53, -35.37, -16.81).
Placed Na+ in complex at (44.53, 14.63, 21.19).
Placed Na+ in complex at (-30.47, 23.63, -34.81).
Placed Na+ in complex at (30.53, -2.37, 50.19).
Placed Na+ in complex at (43.53, -16.37, 27.19).
Placed Na+ in complex at (14.53, 4.63, -54.81).
Placed Na+ in complex at (-16.47, -5.37, -70.81).
Placed Na+ in complex at (-3.47, -16.37, -7.81).
Placed Na+ in complex at (-14.47, -31.37, 63.19).
Placed Na+ in complex at (49.53, 1.63, -9.81).
Placed Na+ in complex at (-31.47, 36.63, 7.19).
Placed Na+ in complex at (9.53, 5.63, -77.81).
Placed Na+ in complex at (27.53, -5.37, -28.81).
Placed Na+ in complex at (30.53, 43.63, 21.19).
Placed Na+ in complex at (-44.47, -29.37, -23.81).
Placed Na+ in complex at (-17.47, 3.63, 62.19).
Placed Na+ in complex at (-36.47, 9.63, -36.81).
Placed Na+ in complex at (-18.47, -44.37, 27.19).
Placed Na+ in complex at (52.53, -27.37, 13.19).
Placed Na+ in complex at (-7.47, -37.37, 1.19).
Placed Na+ in complex at (40.53, 20.63, 30.19).
Placed Na+ in complex at (5.53, -15.37, -21.81).
Placed Na+ in complex at (0.53, 28.63, 53.19).
Placed Na+ in complex at (-39.47, -19.37, -40.81).
Placed Na+ in complex at (-32.47, 60.63, -18.81).
Placed Na+ in complex at (-9.47, 26.63, -3.81).
Placed Na+ in complex at (25.53, -43.37, 20.19).
Placed Na+ in complex at (42.53, 8.63, -41.81).
Placed Na+ in complex at (-33.47, -47.37, -16.81).
Placed Na+ in complex at (3.53, 1.63, -68.81).
Placed Na+ in complex at (-5.47, 5.63, 82.19).
Placed Na+ in complex at (-24.47, 13.63, 30.19).
Placed Na+ in complex at (34.53, 31.63, -30.81).
Placed Na+ in complex at (-53.47, -17.37, -26.81).
Placed Na+ in complex at (38.53, -32.37, -6.81).
Placed Na+ in complex at (21.53, -19.37, 39.19).
Placed Na+ in complex at (-30.47, -47.37, 3.19).
Placed Na+ in complex at (-36.47, 17.63, -24.81).
Placed Na+ in complex at (13.53, 15.63, 67.19).
Placed Na+ in complex at (-48.47, 26.63, 34.19).
Placed Na+ in complex at (-0.47, -28.37, -65.81).
Placed Na+ in complex at (1.53, 12.63, 36.19).
Placed Na+ in complex at (14.53, 27.63, -59.81).
Placed Na+ in complex at (-1.47, -31.37, -87.81).
Placed Na+ in complex at (34.53, -18.37, 21.19).
Placed Na+ in complex at (1.53, 47.63, 6.19).
Placed Na+ in complex at (-46.47, 4.63, 9.19).
Placed Na+ in complex at (-13.47, 14.63, -60.81).
Placed Na+ in complex at (-12.47, -59.37, -4.81).
Placed Na+ in complex at (-32.47, -10.37, -73.81).
Placed Na+ in complex at (21.53, 38.63, 47.19).

Done adding ions.
> solvatebox complex TIP3PBOX 13
  Solute vdw bounding box:              115.337 135.116 183.704
  Total bounding box for atom centers:  141.337 161.116 209.704
  Solvent unit box:                     18.774 18.774 18.774
The number of boxes:  x= 8  y= 9  z=12
  Total vdw box size:                   144.627 164.282 212.723 angstroms.
  Volume: 5054217.013 A^3 
  Total mass 2708494.531 amu,  Density 0.890 g/cc
  Added 129361 residues.
> 
> savepdb complex complex.pdb
Writing pdb file: complex.pdb
   printing CRYST1 record to PDB file with box info

/home/xibeiz/Softwares/amber22/bin/teLeap: Warning!
 Converting N-terminal residue name to PDB format: NILE -> ILE

/home/xibeiz/Softwares/amber22/bin/teLeap: Warning!
 Converting C-terminal residue name to PDB format: CASN -> ASN

/home/xibeiz/Softwares/amber22/bin/teLeap: Warning!
 Converting N-terminal residue name to PDB format: NARG -> ARG

/home/xibeiz/Softwares/amber22/bin/teLeap: Warning!
 Converting C-terminal residue name to PDB format: CILE -> ILE

/home/xibeiz/Softwares/amber22/bin/teLeap: Warning!
 Converting N-terminal residue name to PDB format: NSER -> SER

/home/xibeiz/Softwares/amber22/bin/teLeap: Warning!
 Converting C-terminal residue name to PDB format: CGLU -> GLU

/home/xibeiz/Softwares/amber22/bin/teLeap: Warning!
 Converting N-terminal residue name to PDB format: NASP -> ASP

/home/xibeiz/Softwares/amber22/bin/teLeap: Warning!
 Converting C-terminal residue name to PDB format: CALA -> ALA

/home/xibeiz/Softwares/amber22/bin/teLeap: Warning!
 Converting N-terminal residue name to PDB format: NGLY -> GLY

/home/xibeiz/Softwares/amber22/bin/teLeap: Warning!
 Converting C-terminal residue name to PDB format: CGLU -> GLU

/home/xibeiz/Softwares/amber22/bin/teLeap: Warning!
 Converting N-terminal residue name to PDB format: NASP -> ASP

/home/xibeiz/Softwares/amber22/bin/teLeap: Warning!
 Converting C-terminal residue name to PDB format: CASP -> ASP
> saveamberparm complex complex.prmtop complex.crd
Checking Unit.
Building topology.
Building atom parameters.
Building bond parameters.
Building angle parameters.
Building proper torsion parameters.
Building improper torsion parameters.
old PREP-specified impropers:
 <CY1 2553>:  -M   CA   N    HN  
 <CY1 2553>:  CA   +M   C    O   
 <CY1 2550>:  -M   CA   N    HN  
 <CY1 2550>:  CA   +M   C    O   
 <CY1 2543>:  -M   CA   N    HN  
 <CY1 2543>:  CA   +M   C    O   
 <CY1 2466>:  -M   CA   N    HN  
 <CY1 2466>:  CA   +M   C    O   
 <CY1 1653>:  -M   CA   N    HN  
 <CY1 1653>:  CA   +M   C    O   
 <CY1 1650>:  -M   CA   N    HN  
 <CY1 1650>:  CA   +M   C    O   
 <CY1 1637>:  -M   CA   N    HN  
 <CY1 1637>:  CA   +M   C    O   
 <CY1 1635>:  -M   CA   N    HN  
 <CY1 1635>:  CA   +M   C    O   
 total 10314 improper torsions applied
 16 improper torsions in old prep form
Building H-Bond parameters.
Incorporating Non-Bonded adjustments.
Not Marking per-residue atom chain types.
Marking per-residue atom chain types.
  (Residues lacking connect0/connect1 - 
   these don't have chain types marked:

	res	total affected

	CALA	1
	CASN	1
	CASP	1
	CGLU	2
	CILE	1
	NARG	1
	NASP	2
	NGLY	1
	NILE	1
	NSER	1
	RFP	1
	WAT	129361
  )
 (no restraints)
> quit
	Quit

Exiting LEaP: Errors = 0; Warnings = 12; Notes = 2.
